<?xml version="1.0" encoding="UTF-8"?>
<coverage generated="1775131138493" clover="3.2.0">
  <project timestamp="1775131138493" name="All files">
    <metrics statements="339" coveredstatements="308" conditionals="240" coveredconditionals="195" methods="58" coveredmethods="51" elements="637" coveredelements="554" complexity="0" loc="339" ncloc="339" packages="1" files="4" classes="4"/>
    <file name="challenge.js" path="C:\Code\APIonWEB\deepseek-to-openai-api\src\challenge.js">
      <metrics statements="56" coveredstatements="56" conditionals="16" coveredconditionals="15" methods="5" coveredmethods="5"/>
      <line num="1" count="3" type="stmt"/>
      <line num="2" count="3" type="stmt"/>
      <line num="6" count="11" type="stmt"/>
      <line num="7" count="11" type="stmt"/>
      <line num="8" count="11" type="stmt"/>
      <line num="9" count="11" type="stmt"/>
      <line num="13" count="7" type="cond" truecount="2" falsecount="0"/>
      <line num="14" count="5" type="stmt"/>
      <line num="15" count="5" type="stmt"/>
      <line num="16" count="5" type="stmt"/>
      <line num="17" count="5" type="stmt"/>
      <line num="18" count="5" type="stmt"/>
      <line num="19" count="5" type="stmt"/>
      <line num="22" count="2" type="stmt"/>
      <line num="23" count="2" type="stmt"/>
      <line num="24" count="2" type="stmt"/>
      <line num="25" count="2" type="stmt"/>
      <line num="27" count="2" type="stmt"/>
      <line num="28" count="7" type="stmt"/>
      <line num="29" count="7" type="cond" truecount="2" falsecount="0"/>
      <line num="30" count="6" type="stmt"/>
      <line num="33" count="2" type="cond" truecount="2" falsecount="0"/>
      <line num="34" count="1" type="cond" truecount="1" falsecount="1"/>
      <line num="35" count="1" type="stmt"/>
      <line num="37" count="1" type="stmt"/>
      <line num="38" count="1" type="stmt"/>
      <line num="42" count="1" type="stmt"/>
      <line num="43" count="1" type="stmt"/>
      <line num="46" count="2" type="stmt"/>
      <line num="47" count="2" type="stmt"/>
      <line num="51" count="11" type="cond" truecount="4" falsecount="0"/>
      <line num="52" count="2" type="stmt"/>
      <line num="54" count="11" type="stmt"/>
      <line num="58" count="3" type="cond" truecount="2" falsecount="0"/>
      <line num="59" count="1" type="stmt"/>
      <line num="62" count="2" type="stmt"/>
      <line num="64" count="2" type="stmt"/>
      <line num="65" count="2" type="stmt"/>
      <line num="67" count="2" type="stmt"/>
      <line num="72" count="2" type="stmt"/>
      <line num="74" count="2" type="stmt"/>
      <line num="79" count="2" type="stmt"/>
      <line num="81" count="2" type="stmt"/>
      <line num="83" count="2" type="stmt"/>
      <line num="84" count="2" type="stmt"/>
      <line num="85" count="2" type="stmt"/>
      <line num="87" count="2" type="cond" truecount="2" falsecount="0"/>
      <line num="88" count="1" type="stmt"/>
      <line num="90" count="1" type="stmt"/>
      <line num="93" count="2" type="stmt"/>
      <line num="98" count="1" type="stmt"/>
      <line num="99" count="1" type="stmt"/>
      <line num="100" count="1" type="stmt"/>
      <line num="101" count="1" type="stmt"/>
      <line num="102" count="1" type="stmt"/>
      <line num="106" count="3" type="stmt"/>
    </file>
    <file name="deepseek-client.js" path="C:\Code\APIonWEB\deepseek-to-openai-api\src\deepseek-client.js">
      <metrics statements="221" coveredstatements="195" conditionals="186" coveredconditionals="149" methods="43" coveredmethods="37"/>
      <line num="1" count="2" type="stmt"/>
      <line num="2" count="2" type="stmt"/>
      <line num="3" count="2" type="stmt"/>
      <line num="4" count="2" type="stmt"/>
      <line num="5" count="2" type="stmt"/>
      <line num="6" count="2" type="stmt"/>
      <line num="7" count="2" type="stmt"/>
      <line num="9" count="2" type="stmt"/>
      <line num="11" count="2" type="stmt"/>
      <line num="29" count="2" type="stmt"/>
      <line num="30" count="2" type="stmt"/>
      <line num="31" count="2" type="stmt"/>
      <line num="35" count="34" type="stmt"/>
      <line num="36" count="34" type="stmt"/>
      <line num="37" count="34" type="stmt"/>
      <line num="38" count="34" type="stmt"/>
      <line num="39" count="34" type="stmt"/>
      <line num="43" count="11" type="cond" truecount="2" falsecount="0"/>
      <line num="44" count="1" type="cond" truecount="1" falsecount="1"/>
      <line num="45" count="0" type="stmt"/>
      <line num="46" count="0" type="stmt"/>
      <line num="47" count="0" type="stmt"/>
      <line num="48" count="0" type="stmt"/>
      <line num="50" count="0" type="stmt"/>
      <line num="54" count="13" type="stmt"/>
      <line num="55" count="13" type="stmt"/>
      <line num="56" count="65" type="stmt"/>
      <line num="57" count="13" type="stmt"/>
      <line num="61" count="36" type="stmt"/>
      <line num="62" count="36" type="stmt"/>
      <line num="64" count="36" type="cond" truecount="4" falsecount="0"/>
      <line num="65" count="15" type="stmt"/>
      <line num="66" count="15" type="stmt"/>
      <line num="69" count="36" type="stmt"/>
      <line num="73" count="18" type="stmt"/>
      <line num="79" count="18" type="stmt"/>
      <line num="82" count="18" type="cond" truecount="4" falsecount="0"/>
      <line num="83" count="2" type="cond" truecount="2" falsecount="0"/>
      <line num="86" count="16" type="stmt"/>
      <line num="87" count="16" type="stmt"/>
      <line num="95" count="12" type="stmt"/>
      <line num="96" count="12" type="stmt"/>
      <line num="105" count="12" type="stmt"/>
      <line num="109" count="12" type="cond" truecount="5" falsecount="0"/>
      <line num="110" count="1" type="stmt"/>
      <line num="113" count="11" type="stmt"/>
      <line num="117" count="12" type="stmt"/>
      <line num="118" count="12" type="stmt"/>
      <line num="127" count="12" type="stmt"/>
      <line num="131" count="12" type="cond" truecount="5" falsecount="0"/>
      <line num="132" count="1" type="cond" truecount="1" falsecount="1"/>
      <line num="135" count="11" type="stmt"/>
      <line num="139" count="12" type="stmt"/>
      <line num="140" count="12" type="stmt"/>
      <line num="141" count="12" type="stmt"/>
      <line num="142" count="12" type="cond" truecount="2" falsecount="0"/>
      <line num="143" count="1" type="stmt"/>
      <line num="145" count="11" type="stmt"/>
      <line num="156" count="18" type="stmt"/>
      <line num="158" count="22" type="cond" truecount="2" falsecount="0"/>
      <line num="159" count="2" type="stmt"/>
      <line num="161" count="21" type="stmt"/>
      <line num="163" count="22" type="stmt"/>
      <line num="166" count="18" type="cond" truecount="2" falsecount="0"/>
      <line num="168" count="17" type="stmt"/>
      <line num="169" count="17" type="stmt"/>
      <line num="171" count="17" type="stmt"/>
      <line num="172" count="5" type="stmt"/>
      <line num="173" count="5" type="cond" truecount="2" falsecount="0"/>
      <line num="174" count="1" type="stmt"/>
      <line num="176" count="4" type="stmt"/>
      <line num="177" count="4" type="stmt"/>
      <line num="180" count="17" type="stmt"/>
      <line num="182" count="17" type="stmt"/>
      <line num="184" count="21" type="cond" truecount="2" falsecount="0"/>
      <line num="185" count="2" type="stmt"/>
      <line num="187" count="19" type="cond" truecount="3" falsecount="1"/>
      <line num="188" count="19" type="cond" truecount="2" falsecount="0"/>
      <line num="190" count="0" type="stmt"/>
      <line num="197" count="20" type="stmt"/>
      <line num="198" count="20" type="stmt"/>
      <line num="205" count="6" type="stmt"/>
      <line num="209" count="4" type="stmt"/>
      <line num="213" count="10" type="stmt"/>
      <line num="214" count="10" type="stmt"/>
      <line num="215" count="10" type="cond" truecount="2" falsecount="0"/>
      <line num="217" count="10" type="cond" truecount="2" falsecount="0"/>
      <line num="218" count="10" type="stmt"/>
      <line num="219" count="10" type="cond" truecount="1" falsecount="1"/>
      <line num="221" count="10" type="stmt"/>
      <line num="222" count="10" type="stmt"/>
      <line num="224" count="10" type="stmt"/>
      <line num="242" count="10" type="stmt"/>
      <line num="247" count="10" type="cond" truecount="1" falsecount="1"/>
      <line num="248" count="10" type="cond" truecount="1" falsecount="1"/>
      <line num="250" count="0" type="stmt"/>
      <line num="251" count="0" type="stmt"/>
      <line num="252" count="0" type="stmt"/>
      <line num="253" count="0" type="stmt"/>
      <line num="254" count="0" type="stmt"/>
      <line num="256" count="0" type="stmt"/>
      <line num="259" count="10" type="cond" truecount="2" falsecount="0"/>
      <line num="260" count="4" type="stmt"/>
      <line num="262" count="6" type="stmt"/>
      <line num="267" count="6" type="stmt"/>
      <line num="268" count="6" type="stmt"/>
      <line num="269" count="6" type="stmt"/>
      <line num="270" count="6" type="stmt"/>
      <line num="271" count="6" type="stmt"/>
      <line num="272" count="6" type="stmt"/>
      <line num="273" count="6" type="stmt"/>
      <line num="275" count="6" type="stmt"/>
      <line num="276" count="6" type="stmt"/>
      <line num="277" count="14" type="cond" truecount="3" falsecount="1"/>
      <line num="279" count="14" type="stmt"/>
      <line num="280" count="14" type="stmt"/>
      <line num="281" count="14" type="cond" truecount="3" falsecount="1"/>
      <line num="283" count="14" type="cond" truecount="2" falsecount="0"/>
      <line num="284" count="2" type="cond" truecount="1" falsecount="1"/>
      <line num="285" count="2" type="cond" truecount="1" falsecount="1"/>
      <line num="286" count="2" type="cond" truecount="1" falsecount="1"/>
      <line num="287" count="2" type="cond" truecount="1" falsecount="1"/>
      <line num="288" count="2" type="stmt"/>
      <line num="289" count="2" type="stmt"/>
      <line num="291" count="2" type="stmt"/>
      <line num="293" count="0" type="stmt"/>
      <line num="296" count="12" type="cond" truecount="4" falsecount="0"/>
      <line num="297" count="5" type="stmt"/>
      <line num="300" count="12" type="cond" truecount="4" falsecount="0"/>
      <line num="301" count="2" type="stmt"/>
      <line num="302" count="2" type="cond" truecount="2" falsecount="0"/>
      <line num="303" count="2" type="cond" truecount="2" falsecount="2"/>
      <line num="304" count="0" type="cond" truecount="0" falsecount="2"/>
      <line num="305" count="0" type="cond" truecount="0" falsecount="2"/>
      <line num="306" count="0" type="stmt"/>
      <line num="308" count="0" type="stmt"/>
      <line num="311" count="10" type="cond" truecount="4" falsecount="0"/>
      <line num="312" count="2" type="stmt"/>
      <line num="315" count="12" type="cond" truecount="2" falsecount="0"/>
      <line num="316" count="2" type="stmt"/>
      <line num="317" count="2" type="cond" truecount="2" falsecount="0"/>
      <line num="318" count="1" type="stmt"/>
      <line num="320" count="1" type="stmt"/>
      <line num="322" count="10" type="cond" truecount="2" falsecount="0"/>
      <line num="323" count="7" type="stmt"/>
      <line num="324" count="7" type="cond" truecount="4" falsecount="0"/>
      <line num="325" count="4" type="stmt"/>
      <line num="327" count="7" type="cond" truecount="2" falsecount="0"/>
      <line num="328" count="3" type="cond" truecount="1" falsecount="1"/>
      <line num="329" count="3" type="cond" truecount="1" falsecount="1"/>
      <line num="330" count="0" type="stmt"/>
      <line num="332" count="3" type="stmt"/>
      <line num="340" count="6" type="stmt"/>
      <line num="341" count="6" type="stmt"/>
      <line num="342" count="6" type="stmt"/>
      <line num="343" count="6" type="cond" truecount="2" falsecount="0"/>
      <line num="344" count="2" type="stmt"/>
      <line num="345" count="2" type="stmt"/>
      <line num="347" count="4" type="stmt"/>
      <line num="372" count="4" type="stmt"/>
      <line num="373" count="4" type="stmt"/>
      <line num="374" count="4" type="stmt"/>
      <line num="375" count="4" type="stmt"/>
      <line num="376" count="4" type="stmt"/>
      <line num="377" count="4" type="stmt"/>
      <line num="378" count="4" type="stmt"/>
      <line num="380" count="4" type="stmt"/>
      <line num="381" count="11" type="cond" truecount="1" falsecount="1"/>
      <line num="383" count="11" type="cond" truecount="2" falsecount="0"/>
      <line num="384" count="1" type="stmt"/>
      <line num="385" count="1" type="stmt"/>
      <line num="386" count="1" type="cond" truecount="1" falsecount="1"/>
      <line num="387" count="1" type="cond" truecount="1" falsecount="1"/>
      <line num="388" count="1" type="stmt"/>
      <line num="395" count="1" type="stmt"/>
      <line num="396" count="1" type="stmt"/>
      <line num="399" count="0" type="stmt"/>
      <line num="402" count="10" type="cond" truecount="3" falsecount="1"/>
      <line num="403" count="0" type="stmt"/>
      <line num="415" count="0" type="stmt"/>
      <line num="416" count="0" type="stmt"/>
      <line num="419" count="10" type="cond" truecount="1" falsecount="1"/>
      <line num="421" count="10" type="stmt"/>
      <line num="422" count="10" type="cond" truecount="3" falsecount="1"/>
      <line num="424" count="10" type="cond" truecount="4" falsecount="0"/>
      <line num="425" count="4" type="stmt"/>
      <line num="428" count="10" type="cond" truecount="4" falsecount="0"/>
      <line num="429" count="1" type="cond" truecount="1" falsecount="1"/>
      <line num="430" count="9" type="cond" truecount="4" falsecount="0"/>
      <line num="431" count="5" type="stmt"/>
      <line num="432" count="4" type="cond" truecount="3" falsecount="1"/>
      <line num="433" count="0" type="stmt"/>
      <line num="436" count="10" type="cond" truecount="4" falsecount="0"/>
      <line num="437" count="3" type="stmt"/>
      <line num="438" count="3" type="cond" truecount="3" falsecount="1"/>
      <line num="439" count="3" type="stmt"/>
      <line num="444" count="10" type="stmt"/>
      <line num="445" count="10" type="cond" truecount="1" falsecount="1"/>
      <line num="446" count="0" type="stmt"/>
      <line num="447" count="10" type="cond" truecount="2" falsecount="0"/>
      <line num="448" count="8" type="stmt"/>
      <line num="449" count="8" type="cond" truecount="2" falsecount="0"/>
      <line num="450" count="5" type="cond" truecount="1" falsecount="1"/>
      <line num="453" count="2" type="cond" truecount="4" falsecount="1"/>
      <line num="454" count="0" type="cond" truecount="0" falsecount="2"/>
      <line num="457" count="10" type="cond" truecount="2" falsecount="0"/>
      <line num="459" count="5" type="stmt"/>
      <line num="460" count="5" type="cond" truecount="2" falsecount="0"/>
      <line num="461" count="3" type="stmt"/>
      <line num="462" count="3" type="stmt"/>
      <line num="465" count="5" type="cond" truecount="1" falsecount="1"/>
      <line num="466" count="0" type="stmt"/>
      <line num="468" count="5" type="stmt"/>
      <line num="471" count="5" type="stmt"/>
      <line num="480" count="4" type="stmt"/>
      <line num="481" count="4" type="stmt"/>
      <line num="482" count="4" type="stmt"/>
      <line num="483" count="4" type="cond" truecount="2" falsecount="0"/>
      <line num="484" count="3" type="stmt"/>
      <line num="488" count="4" type="stmt"/>
      <line num="492" count="2" type="stmt"/>
    </file>
    <file name="index.js" path="C:\Code\APIonWEB\deepseek-to-openai-api\src\index.js">
      <metrics statements="59" coveredstatements="54" conditionals="24" coveredconditionals="18" methods="8" coveredmethods="7"/>
      <line num="1" count="1" type="stmt"/>
      <line num="2" count="1" type="stmt"/>
      <line num="3" count="1" type="stmt"/>
      <line num="4" count="1" type="stmt"/>
      <line num="5" count="1" type="stmt"/>
      <line num="7" count="1" type="stmt"/>
      <line num="9" count="1" type="stmt"/>
      <line num="10" count="1" type="cond" truecount="1" falsecount="1"/>
      <line num="11" count="1" type="cond" truecount="1" falsecount="1"/>
      <line num="13" count="1" type="stmt"/>
      <line num="14" count="1" type="stmt"/>
      <line num="17" count="1" type="stmt"/>
      <line num="18" count="3" type="stmt"/>
      <line num="41" count="1" type="stmt"/>
      <line num="42" count="1" type="stmt"/>
      <line num="46" count="1" type="stmt"/>
      <line num="47" count="3" type="stmt"/>
      <line num="61" count="1" type="stmt"/>
      <line num="62" count="7" type="stmt"/>
      <line num="63" count="7" type="stmt"/>
      <line num="64" count="7" type="cond" truecount="4" falsecount="0"/>
      <line num="65" count="2" type="stmt"/>
      <line num="68" count="5" type="stmt"/>
      <line num="69" count="5" type="stmt"/>
      <line num="71" count="5" type="cond" truecount="4" falsecount="0"/>
      <line num="72" count="2" type="stmt"/>
      <line num="75" count="3" type="cond" truecount="2" falsecount="0"/>
      <line num="76" count="3" type="cond" truecount="2" falsecount="0"/>
      <line num="77" count="3" type="stmt"/>
      <line num="79" count="3" type="stmt"/>
      <line num="81" count="3" type="cond" truecount="2" falsecount="0"/>
      <line num="82" count="1" type="stmt"/>
      <line num="83" count="1" type="stmt"/>
      <line num="84" count="1" type="stmt"/>
      <line num="85" count="1" type="stmt"/>
      <line num="87" count="1" type="stmt"/>
      <line num="89" count="1" type="stmt"/>
      <line num="90" count="2" type="stmt"/>
      <line num="93" count="1" type="stmt"/>
      <line num="94" count="1" type="stmt"/>
      <line num="95" count="1" type="stmt"/>
      <line num="98" count="1" type="stmt"/>
      <line num="99" count="0" type="stmt"/>
      <line num="100" count="0" type="cond" truecount="0" falsecount="2"/>
      <line num="101" count="0" type="stmt"/>
      <line num="102" count="0" type="stmt"/>
      <line num="103" count="0" type="stmt"/>
      <line num="107" count="2" type="stmt"/>
      <line num="108" count="1" type="stmt"/>
      <line num="111" count="1" type="stmt"/>
      <line num="112" count="1" type="cond" truecount="1" falsecount="1"/>
      <line num="113" count="1" type="stmt"/>
      <line num="124" count="1" type="stmt"/>
      <line num="125" count="1" type="stmt"/>
      <line num="126" count="1" type="stmt"/>
      <line num="127" count="1" type="stmt"/>
      <line num="128" count="1" type="stmt"/>
      <line num="129" count="1" type="stmt"/>
      <line num="132" count="1" type="stmt"/>
    </file>
    <file name="openai-adapter.js" path="C:\Code\APIonWEB\deepseek-to-openai-api\src\openai-adapter.js">
      <metrics statements="3" coveredstatements="3" conditionals="14" coveredconditionals="13" methods="2" coveredmethods="2"/>
      <line num="2" count="5" type="stmt"/>
      <line num="25" count="1" type="stmt"/>
      <line num="28" count="2" type="stmt"/>
    </file>
  </project>
</coverage>
