{"C:\\Code\\APIonWEB\\deepseek-to-openai-api\\src\\challenge.js": {"path":"C:\\Code\\APIonWEB\\deepseek-to-openai-api\\src\\challenge.js","statementMap":{"0":{"start":{"line":1,"column":11},"end":{"line":1,"column":24}},"1":{"start":{"line":2,"column":13},"end":{"line":2,"column":28}},"2":{"start":{"line":6,"column":4},"end":{"line":6,"column":29}},"3":{"start":{"line":7,"column":4},"end":{"line":7,"column":20}},"4":{"start":{"line":8,"column":4},"end":{"line":8,"column":34}},"5":{"start":{"line":9,"column":4},"end":{"line":9,"column":47}},"6":{"start":{"line":13,"column":4},"end":{"line":20,"column":5}},"7":{"start":{"line":14,"column":22},"end":{"line":14,"column":57}},"8":{"start":{"line":15,"column":18},"end":{"line":15,"column":51}},"9":{"start":{"line":16,"column":21},"end":{"line":16,"column":48}},"10":{"start":{"line":17,"column":6},"end":{"line":17,"column":62}},"11":{"start":{"line":18,"column":6},"end":{"line":18,"column":35}},"12":{"start":{"line":19,"column":6},"end":{"line":19,"column":17}},"13":{"start":{"line":22,"column":22},"end":{"line":22,"column":33}},"14":{"start":{"line":23,"column":14},"end":{"line":23,"column":42}},"15":{"start":{"line":24,"column":19},"end":{"line":24,"column":46}},"16":{"start":{"line":25,"column":22},"end":{"line":25,"column":23}},"17":{"start":{"line":27,"column":4},"end":{"line":31,"column":5}},"18":{"start":{"line":28,"column":23},"end":{"line":28,"column":51}},"19":{"start":{"line":29,"column":6},"end":{"line":29,"column":32}},"20":{"start":{"line":29,"column":26},"end":{"line":29,"column":32}},"21":{"start":{"line":30,"column":6},"end":{"line":30,"column":43}},"22":{"start":{"line":33,"column":4},"end":{"line":44,"column":5}},"23":{"start":{"line":34,"column":6},"end":{"line":36,"column":7}},"24":{"start":{"line":35,"column":8},"end":{"line":35,"column":39}},"25":{"start":{"line":37,"column":6},"end":{"line":37,"column":79}},"26":{"start":{"line":38,"column":21},"end":{"line":41,"column":7}},"27":{"start":{"line":42,"column":6},"end":{"line":42,"column":36}},"28":{"start":{"line":43,"column":6},"end":{"line":43,"column":81}},"29":{"start":{"line":46,"column":4},"end":{"line":46,"column":30}},"30":{"start":{"line":47,"column":4},"end":{"line":47,"column":15}},"31":{"start":{"line":51,"column":4},"end":{"line":53,"column":5}},"32":{"start":{"line":52,"column":6},"end":{"line":52,"column":79}},"33":{"start":{"line":54,"column":4},"end":{"line":54,"column":34}},"34":{"start":{"line":58,"column":4},"end":{"line":60,"column":5}},"35":{"start":{"line":59,"column":6},"end":{"line":59,"column":61}},"36":{"start":{"line":62,"column":19},"end":{"line":62,"column":41}},"37":{"start":{"line":64,"column":4},"end":{"line":94,"column":5}},"38":{"start":{"line":65,"column":21},"end":{"line":65,"column":75}},"39":{"start":{"line":67,"column":19},"end":{"line":71,"column":7}},"40":{"start":{"line":72,"column":19},"end":{"line":72,"column":30}},"41":{"start":{"line":74,"column":19},"end":{"line":78,"column":7}},"42":{"start":{"line":79,"column":19},"end":{"line":79,"column":30}},"43":{"start":{"line":81,"column":6},"end":{"line":81,"column":79}},"44":{"start":{"line":83,"column":23},"end":{"line":83,"column":68}},"45":{"start":{"line":84,"column":21},"end":{"line":84,"column":56}},"46":{"start":{"line":85,"column":20},"end":{"line":85,"column":57}},"47":{"start":{"line":87,"column":6},"end":{"line":88,"column":25}},"48":{"start":{"line":88,"column":8},"end":{"line":88,"column":25}},"49":{"start":{"line":90,"column":6},"end":{"line":90,"column":19}},"50":{"start":{"line":93,"column":6},"end":{"line":93,"column":60}},"51":{"start":{"line":98,"column":20},"end":{"line":98,"column":31}},"52":{"start":{"line":99,"column":23},"end":{"line":99,"column":48}},"53":{"start":{"line":100,"column":25},"end":{"line":100,"column":75}},"54":{"start":{"line":101,"column":4},"end":{"line":101,"column":41}},"55":{"start":{"line":102,"column":4},"end":{"line":102,"column":29}},"56":{"start":{"line":106,"column":0},"end":{"line":106,"column":30}}},"fnMap":{"0":{"name":"(anonymous_0)","decl":{"start":{"line":5,"column":2},"end":{"line":5,"column":3}},"loc":{"start":{"line":5,"column":16},"end":{"line":10,"column":3}},"line":5},"1":{"name":"(anonymous_1)","decl":{"start":{"line":12,"column":2},"end":{"line":12,"column":3}},"loc":{"start":{"line":12,"column":43},"end":{"line":48,"column":3}},"line":12},"2":{"name":"(anonymous_2)","decl":{"start":{"line":50,"column":2},"end":{"line":50,"column":3}},"loc":{"start":{"line":50,"column":25},"end":{"line":55,"column":3}},"line":50},"3":{"name":"(anonymous_3)","decl":{"start":{"line":57,"column":2},"end":{"line":57,"column":3}},"loc":{"start":{"line":57,"column":66},"end":{"line":95,"column":3}},"line":57},"4":{"name":"(anonymous_4)","decl":{"start":{"line":97,"column":2},"end":{"line":97,"column":3}},"loc":{"start":{"line":97,"column":23},"end":{"line":103,"column":3}},"line":97}},"branchMap":{"0":{"loc":{"start":{"line":13,"column":4},"end":{"line":20,"column":5}},"type":"if","locations":[{"start":{"line":13,"column":4},"end":{"line":20,"column":5}},{"start":{},"end":{}}],"line":13},"1":{"loc":{"start":{"line":29,"column":6},"end":{"line":29,"column":32}},"type":"if","locations":[{"start":{"line":29,"column":6},"end":{"line":29,"column":32}},{"start":{},"end":{}}],"line":29},"2":{"loc":{"start":{"line":33,"column":4},"end":{"line":44,"column":5}},"type":"if","locations":[{"start":{"line":33,"column":4},"end":{"line":44,"column":5}},{"start":{},"end":{}}],"line":33},"3":{"loc":{"start":{"line":34,"column":6},"end":{"line":36,"column":7}},"type":"if","locations":[{"start":{"line":34,"column":6},"end":{"line":36,"column":7}},{"start":{},"end":{}}],"line":34},"4":{"loc":{"start":{"line":51,"column":4},"end":{"line":53,"column":5}},"type":"if","locations":[{"start":{"line":51,"column":4},"end":{"line":53,"column":5}},{"start":{},"end":{}}],"line":51},"5":{"loc":{"start":{"line":51,"column":8},"end":{"line":51,"column":82}},"type":"binary-expr","locations":[{"start":{"line":51,"column":8},"end":{"line":51,"column":39}},{"start":{"line":51,"column":43},"end":{"line":51,"column":82}}],"line":51},"6":{"loc":{"start":{"line":58,"column":4},"end":{"line":60,"column":5}},"type":"if","locations":[{"start":{"line":58,"column":4},"end":{"line":60,"column":5}},{"start":{},"end":{}}],"line":58},"7":{"loc":{"start":{"line":87,"column":6},"end":{"line":88,"column":25}},"type":"if","locations":[{"start":{"line":87,"column":6},"end":{"line":88,"column":25}},{"start":{},"end":{}}],"line":87}},"s":{"0":3,"1":3,"2":11,"3":11,"4":11,"5":11,"6":7,"7":5,"8":5,"9":5,"10":5,"11":5,"12":5,"13":2,"14":2,"15":2,"16":2,"17":2,"18":7,"19":7,"20":1,"21":6,"22":2,"23":1,"24":1,"25":1,"26":1,"27":1,"28":1,"29":2,"30":2,"31":11,"32":2,"33":11,"34":3,"35":1,"36":2,"37":2,"38":2,"39":2,"40":2,"41":2,"42":2,"43":2,"44":2,"45":2,"46":2,"47":2,"48":1,"49":1,"50":2,"51":1,"52":1,"53":1,"54":1,"55":1,"56":3},"f":{"0":11,"1":7,"2":11,"3":3,"4":1},"b":{"0":[5,2],"1":[1,6],"2":[1,1],"3":[1,0],"4":[2,9],"5":[11,10],"6":[1,2],"7":[1,1]},"_coverageSchema":"1a1c01bbd47fc00a2c39e90264f33305004495a9","hash":"0ac51105296191a4931d787bc6b937e5de711f07"}
,"C:\\Code\\APIonWEB\\deepseek-to-openai-api\\src\\deepseek-client.js": {"path":"C:\\Code\\APIonWEB\\deepseek-to-openai-api\\src\\deepseek-client.js","statementMap":{"0":{"start":{"line":1,"column":14},"end":{"line":1,"column":30}},"1":{"start":{"line":2,"column":23},"end":{"line":2,"column":38}},"2":{"start":{"line":3,"column":25},"end":{"line":3,"column":54}},"3":{"start":{"line":4,"column":25},"end":{"line":4,"column":42}},"4":{"start":{"line":5,"column":24},"end":{"line":5,"column":41}},"5":{"start":{"line":6,"column":13},"end":{"line":6,"column":28}},"6":{"start":{"line":7,"column":21},"end":{"line":7,"column":43}},"7":{"start":{"line":9,"column":18},"end":{"line":9,"column":65}},"8":{"start":{"line":11,"column":21},"end":{"line":27,"column":1}},"9":{"start":{"line":29,"column":29},"end":{"line":29,"column":33}},"10":{"start":{"line":30,"column":24},"end":{"line":30,"column":25}},"11":{"start":{"line":31,"column":20},"end":{"line":31,"column":24}},"12":{"start":{"line":35,"column":4},"end":{"line":35,"column":23}},"13":{"start":{"line":36,"column":4},"end":{"line":36,"column":36}},"14":{"start":{"line":37,"column":4},"end":{"line":37,"column":24}},"15":{"start":{"line":38,"column":4},"end":{"line":38,"column":29}},"16":{"start":{"line":39,"column":4},"end":{"line":39,"column":40}},"17":{"start":{"line":43,"column":4},"end":{"line":43,"column":52}},"18":{"start":{"line":43,"column":27},"end":{"line":43,"column":52}},"19":{"start":{"line":44,"column":4},"end":{"line":44,"column":74}},"20":{"start":{"line":44,"column":38},"end":{"line":44,"column":74}},"21":{"start":{"line":45,"column":4},"end":{"line":49,"column":9}},"22":{"start":{"line":46,"column":6},"end":{"line":46,"column":45}},"23":{"start":{"line":47,"column":6},"end":{"line":47,"column":46}},"24":{"start":{"line":48,"column":6},"end":{"line":48,"column":31}},"25":{"start":{"line":50,"column":4},"end":{"line":50,"column":40}},"26":{"start":{"line":54,"column":22},"end":{"line":54,"column":32}},"27":{"start":{"line":55,"column":22},"end":{"line":55,"column":67}},"28":{"start":{"line":55,"column":28},"end":{"line":55,"column":67}},"29":{"start":{"line":56,"column":23},"end":{"line":56,"column":55}},"30":{"start":{"line":56,"column":29},"end":{"line":56,"column":55}},"31":{"start":{"line":57,"column":4},"end":{"line":57,"column":319}},"32":{"start":{"line":61,"column":25},"end":{"line":61,"column":35}},"33":{"start":{"line":62,"column":17},"end":{"line":62,"column":54}},"34":{"start":{"line":64,"column":4},"end":{"line":67,"column":5}},"35":{"start":{"line":65,"column":6},"end":{"line":65,"column":53}},"36":{"start":{"line":66,"column":6},"end":{"line":66,"column":52}},"37":{"start":{"line":69,"column":4},"end":{"line":69,"column":30}},"38":{"start":{"line":73,"column":21},"end":{"line":80,"column":6}},"39":{"start":{"line":79,"column":28},"end":{"line":79,"column":32}},"40":{"start":{"line":82,"column":4},"end":{"line":84,"column":5}},"41":{"start":{"line":83,"column":6},"end":{"line":83,"column":88}},"42":{"start":{"line":86,"column":18},"end":{"line":86,"column":51}},"43":{"start":{"line":87,"column":4},"end":{"line":91,"column":6}},"44":{"start":{"line":95,"column":18},"end":{"line":95,"column":43}},"45":{"start":{"line":96,"column":21},"end":{"line":107,"column":5}},"46":{"start":{"line":105,"column":30},"end":{"line":105,"column":34}},"47":{"start":{"line":109,"column":4},"end":{"line":111,"column":5}},"48":{"start":{"line":110,"column":6},"end":{"line":110,"column":50}},"49":{"start":{"line":113,"column":4},"end":{"line":113,"column":42}},"50":{"start":{"line":117,"column":18},"end":{"line":117,"column":43}},"51":{"start":{"line":118,"column":21},"end":{"line":129,"column":5}},"52":{"start":{"line":127,"column":30},"end":{"line":127,"column":34}},"53":{"start":{"line":131,"column":4},"end":{"line":133,"column":5}},"54":{"start":{"line":132,"column":6},"end":{"line":132,"column":91}},"55":{"start":{"line":135,"column":4},"end":{"line":135,"column":49}},"56":{"start":{"line":139,"column":4},"end":{"line":139,"column":34}},"57":{"start":{"line":140,"column":92},"end":{"line":140,"column":101}},"58":{"start":{"line":141,"column":19},"end":{"line":141,"column":105}},"59":{"start":{"line":142,"column":4},"end":{"line":144,"column":5}},"60":{"start":{"line":143,"column":6},"end":{"line":143,"column":55}},"61":{"start":{"line":145,"column":4},"end":{"line":152,"column":27}},"62":{"start":{"line":156,"column":22},"end":{"line":164,"column":6}},"63":{"start":{"line":158,"column":6},"end":{"line":162,"column":7}},"64":{"start":{"line":159,"column":8},"end":{"line":159,"column":98}},"65":{"start":{"line":159,"column":42},"end":{"line":159,"column":62}},"66":{"start":{"line":159,"column":76},"end":{"line":159,"column":85}},"67":{"start":{"line":161,"column":8},"end":{"line":161,"column":35}},"68":{"start":{"line":163,"column":6},"end":{"line":163,"column":38}},"69":{"start":{"line":166,"column":4},"end":{"line":166,"column":42}},"70":{"start":{"line":166,"column":32},"end":{"line":166,"column":42}},"71":{"start":{"line":168,"column":19},"end":{"line":168,"column":21}},"72":{"start":{"line":169,"column":18},"end":{"line":169,"column":37}},"73":{"start":{"line":171,"column":4},"end":{"line":179,"column":5}},"74":{"start":{"line":171,"column":17},"end":{"line":171,"column":18}},"75":{"start":{"line":172,"column":18},"end":{"line":172,"column":30}},"76":{"start":{"line":173,"column":6},"end":{"line":178,"column":7}},"77":{"start":{"line":174,"column":8},"end":{"line":174,"column":42}},"78":{"start":{"line":176,"column":8},"end":{"line":176,"column":29}},"79":{"start":{"line":177,"column":8},"end":{"line":177,"column":29}},"80":{"start":{"line":180,"column":4},"end":{"line":180,"column":25}},"81":{"start":{"line":182,"column":4},"end":{"line":193,"column":37}},"82":{"start":{"line":184,"column":8},"end":{"line":186,"column":9}},"83":{"start":{"line":185,"column":10},"end":{"line":185,"column":65}},"84":{"start":{"line":187,"column":8},"end":{"line":189,"column":9}},"85":{"start":{"line":188,"column":10},"end":{"line":188,"column":66}},"86":{"start":{"line":190,"column":8},"end":{"line":190,"column":26}},"87":{"start":{"line":197,"column":23},"end":{"line":197,"column":42}},"88":{"start":{"line":198,"column":4},"end":{"line":201,"column":6}},"89":{"start":{"line":205,"column":4},"end":{"line":205,"column":65}},"90":{"start":{"line":209,"column":4},"end":{"line":209,"column":64}},"91":{"start":{"line":213,"column":37},"end":{"line":213,"column":66}},"92":{"start":{"line":214,"column":19},"end":{"line":214,"column":49}},"93":{"start":{"line":215,"column":43},"end":{"line":215,"column":70}},"94":{"start":{"line":217,"column":22},"end":{"line":217,"column":64}},"95":{"start":{"line":218,"column":18},"end":{"line":218,"column":43}},"96":{"start":{"line":219,"column":28},"end":{"line":219,"column":74}},"97":{"start":{"line":221,"column":22},"end":{"line":221,"column":80}},"98":{"start":{"line":222,"column":24},"end":{"line":222,"column":88}},"99":{"start":{"line":224,"column":21},"end":{"line":245,"column":5}},"100":{"start":{"line":242,"column":30},"end":{"line":242,"column":34}},"101":{"start":{"line":247,"column":24},"end":{"line":247,"column":62}},"102":{"start":{"line":248,"column":4},"end":{"line":257,"column":5}},"103":{"start":{"line":250,"column":22},"end":{"line":250,"column":24}},"104":{"start":{"line":251,"column":6},"end":{"line":255,"column":9}},"105":{"start":{"line":252,"column":8},"end":{"line":252,"column":80}},"106":{"start":{"line":252,"column":46},"end":{"line":252,"column":76}},"107":{"start":{"line":253,"column":8},"end":{"line":253,"column":41}},"108":{"start":{"line":254,"column":8},"end":{"line":254,"column":42}},"109":{"start":{"line":256,"column":6},"end":{"line":256,"column":84}},"110":{"start":{"line":259,"column":4},"end":{"line":263,"column":5}},"111":{"start":{"line":260,"column":6},"end":{"line":260,"column":74}},"112":{"start":{"line":262,"column":6},"end":{"line":262,"column":74}},"113":{"start":{"line":267,"column":29},"end":{"line":267,"column":31}},"114":{"start":{"line":268,"column":30},"end":{"line":268,"column":32}},"115":{"start":{"line":269,"column":20},"end":{"line":269,"column":22}},"116":{"start":{"line":270,"column":22},"end":{"line":270,"column":31}},"117":{"start":{"line":271,"column":32},"end":{"line":271,"column":33}},"118":{"start":{"line":272,"column":20},"end":{"line":272,"column":49}},"119":{"start":{"line":273,"column":22},"end":{"line":273,"column":26}},"120":{"start":{"line":275,"column":4},"end":{"line":368,"column":7}},"121":{"start":{"line":276,"column":21},"end":{"line":338,"column":8}},"122":{"start":{"line":277,"column":8},"end":{"line":277,"column":58}},"123":{"start":{"line":277,"column":51},"end":{"line":277,"column":58}},"124":{"start":{"line":279,"column":8},"end":{"line":337,"column":22}},"125":{"start":{"line":280,"column":24},"end":{"line":280,"column":46}},"126":{"start":{"line":281,"column":10},"end":{"line":281,"column":58}},"127":{"start":{"line":281,"column":51},"end":{"line":281,"column":58}},"128":{"start":{"line":283,"column":10},"end":{"line":294,"column":11}},"129":{"start":{"line":284,"column":12},"end":{"line":292,"column":13}},"130":{"start":{"line":285,"column":14},"end":{"line":285,"column":86}},"131":{"start":{"line":286,"column":14},"end":{"line":286,"column":72}},"132":{"start":{"line":287,"column":14},"end":{"line":290,"column":15}},"133":{"start":{"line":288,"column":16},"end":{"line":288,"column":40}},"134":{"start":{"line":289,"column":16},"end":{"line":289,"column":41}},"135":{"start":{"line":291,"column":14},"end":{"line":291,"column":21}},"136":{"start":{"line":293,"column":12},"end":{"line":293,"column":19}},"137":{"start":{"line":296,"column":10},"end":{"line":298,"column":11}},"138":{"start":{"line":297,"column":12},"end":{"line":297,"column":50}},"139":{"start":{"line":300,"column":10},"end":{"line":313,"column":11}},"140":{"start":{"line":301,"column":25},"end":{"line":301,"column":41}},"141":{"start":{"line":302,"column":12},"end":{"line":302,"column":73}},"142":{"start":{"line":303,"column":12},"end":{"line":310,"column":13}},"143":{"start":{"line":304,"column":27},"end":{"line":304,"column":76}},"144":{"start":{"line":304,"column":51},"end":{"line":304,"column":66}},"145":{"start":{"line":305,"column":14},"end":{"line":309,"column":15}},"146":{"start":{"line":306,"column":16},"end":{"line":306,"column":44}},"147":{"start":{"line":308,"column":16},"end":{"line":308,"column":43}},"148":{"start":{"line":311,"column":17},"end":{"line":313,"column":11}},"149":{"start":{"line":312,"column":12},"end":{"line":312,"column":36}},"150":{"start":{"line":315,"column":10},"end":{"line":336,"column":11}},"151":{"start":{"line":316,"column":28},"end":{"line":316,"column":60}},"152":{"start":{"line":317,"column":12},"end":{"line":321,"column":13}},"153":{"start":{"line":318,"column":14},"end":{"line":318,"column":45}},"154":{"start":{"line":320,"column":14},"end":{"line":320,"column":44}},"155":{"start":{"line":322,"column":17},"end":{"line":336,"column":11}},"156":{"start":{"line":323,"column":12},"end":{"line":335,"column":15}},"157":{"start":{"line":324,"column":14},"end":{"line":326,"column":15}},"158":{"start":{"line":325,"column":16},"end":{"line":325,"column":44}},"159":{"start":{"line":327,"column":14},"end":{"line":334,"column":15}},"160":{"start":{"line":328,"column":29},"end":{"line":328,"column":67}},"161":{"start":{"line":328,"column":42},"end":{"line":328,"column":57}},"162":{"start":{"line":329,"column":16},"end":{"line":333,"column":17}},"163":{"start":{"line":330,"column":18},"end":{"line":330,"column":46}},"164":{"start":{"line":332,"column":18},"end":{"line":332,"column":45}},"165":{"start":{"line":340,"column":6},"end":{"line":340,"column":68}},"166":{"start":{"line":340,"column":36},"end":{"line":340,"column":66}},"167":{"start":{"line":341,"column":6},"end":{"line":341,"column":33}},"168":{"start":{"line":342,"column":6},"end":{"line":367,"column":9}},"169":{"start":{"line":343,"column":8},"end":{"line":346,"column":9}},"170":{"start":{"line":344,"column":10},"end":{"line":344,"column":30}},"171":{"start":{"line":345,"column":10},"end":{"line":345,"column":17}},"172":{"start":{"line":347,"column":8},"end":{"line":366,"column":11}},"173":{"start":{"line":372,"column":37},"end":{"line":372,"column":66}},"174":{"start":{"line":373,"column":24},"end":{"line":373,"column":41}},"175":{"start":{"line":374,"column":20},"end":{"line":374,"column":22}},"176":{"start":{"line":375,"column":22},"end":{"line":375,"column":31}},"177":{"start":{"line":376,"column":23},"end":{"line":376,"column":27}},"178":{"start":{"line":377,"column":20},"end":{"line":377,"column":49}},"179":{"start":{"line":378,"column":32},"end":{"line":378,"column":33}},"180":{"start":{"line":380,"column":19},"end":{"line":478,"column":6}},"181":{"start":{"line":381,"column":6},"end":{"line":381,"column":41}},"182":{"start":{"line":381,"column":34},"end":{"line":381,"column":41}},"183":{"start":{"line":383,"column":6},"end":{"line":400,"column":7}},"184":{"start":{"line":384,"column":8},"end":{"line":398,"column":21}},"185":{"start":{"line":385,"column":27},"end":{"line":385,"column":49}},"186":{"start":{"line":386,"column":10},"end":{"line":397,"column":11}},"187":{"start":{"line":387,"column":27},"end":{"line":387,"column":76}},"188":{"start":{"line":388,"column":12},"end":{"line":394,"column":22}},"189":{"start":{"line":395,"column":12},"end":{"line":395,"column":48}},"190":{"start":{"line":396,"column":12},"end":{"line":396,"column":19}},"191":{"start":{"line":399,"column":8},"end":{"line":399,"column":15}},"192":{"start":{"line":402,"column":6},"end":{"line":417,"column":7}},"193":{"start":{"line":403,"column":8},"end":{"line":414,"column":18}},"194":{"start":{"line":415,"column":8},"end":{"line":415,"column":44}},"195":{"start":{"line":416,"column":8},"end":{"line":416,"column":15}},"196":{"start":{"line":419,"column":6},"end":{"line":419,"column":30}},"197":{"start":{"line":419,"column":23},"end":{"line":419,"column":30}},"198":{"start":{"line":421,"column":20},"end":{"line":421,"column":42}},"199":{"start":{"line":422,"column":6},"end":{"line":422,"column":54}},"200":{"start":{"line":422,"column":47},"end":{"line":422,"column":54}},"201":{"start":{"line":424,"column":6},"end":{"line":426,"column":7}},"202":{"start":{"line":425,"column":8},"end":{"line":425,"column":46}},"203":{"start":{"line":428,"column":6},"end":{"line":434,"column":7}},"204":{"start":{"line":429,"column":8},"end":{"line":429,"column":81}},"205":{"start":{"line":430,"column":13},"end":{"line":434,"column":7}},"206":{"start":{"line":431,"column":8},"end":{"line":431,"column":32}},"207":{"start":{"line":432,"column":13},"end":{"line":434,"column":7}},"208":{"start":{"line":433,"column":8},"end":{"line":433,"column":15}},"209":{"start":{"line":436,"column":6},"end":{"line":442,"column":7}},"210":{"start":{"line":437,"column":8},"end":{"line":441,"column":11}},"211":{"start":{"line":438,"column":10},"end":{"line":440,"column":11}},"212":{"start":{"line":439,"column":12},"end":{"line":439,"column":40}},"213":{"start":{"line":444,"column":20},"end":{"line":444,"column":22}},"214":{"start":{"line":445,"column":6},"end":{"line":455,"column":7}},"215":{"start":{"line":446,"column":8},"end":{"line":446,"column":90}},"216":{"start":{"line":447,"column":13},"end":{"line":455,"column":7}},"217":{"start":{"line":448,"column":8},"end":{"line":452,"column":11}},"218":{"start":{"line":449,"column":10},"end":{"line":451,"column":11}},"219":{"start":{"line":450,"column":12},"end":{"line":450,"column":61}},"220":{"start":{"line":450,"column":35},"end":{"line":450,"column":50}},"221":{"start":{"line":453,"column":13},"end":{"line":455,"column":7}},"222":{"start":{"line":454,"column":8},"end":{"line":454,"column":80}},"223":{"start":{"line":454,"column":54},"end":{"line":454,"column":69}},"224":{"start":{"line":457,"column":6},"end":{"line":457,"column":27}},"225":{"start":{"line":457,"column":20},"end":{"line":457,"column":27}},"226":{"start":{"line":459,"column":20},"end":{"line":459,"column":22}},"227":{"start":{"line":460,"column":6},"end":{"line":463,"column":7}},"228":{"start":{"line":461,"column":8},"end":{"line":461,"column":33}},"229":{"start":{"line":462,"column":8},"end":{"line":462,"column":29}},"230":{"start":{"line":465,"column":6},"end":{"line":469,"column":7}},"231":{"start":{"line":466,"column":8},"end":{"line":466,"column":42}},"232":{"start":{"line":468,"column":8},"end":{"line":468,"column":32}},"233":{"start":{"line":471,"column":6},"end":{"line":477,"column":16}},"234":{"start":{"line":480,"column":4},"end":{"line":480,"column":66}},"235":{"start":{"line":480,"column":34},"end":{"line":480,"column":64}},"236":{"start":{"line":481,"column":4},"end":{"line":481,"column":66}},"237":{"start":{"line":481,"column":29},"end":{"line":481,"column":64}},"238":{"start":{"line":482,"column":4},"end":{"line":486,"column":7}},"239":{"start":{"line":483,"column":6},"end":{"line":485,"column":7}},"240":{"start":{"line":484,"column":8},"end":{"line":484,"column":44}},"241":{"start":{"line":488,"column":4},"end":{"line":488,"column":23}},"242":{"start":{"line":492,"column":0},"end":{"line":492,"column":32}}},"fnMap":{"0":{"name":"(anonymous_0)","decl":{"start":{"line":34,"column":2},"end":{"line":34,"column":3}},"loc":{"start":{"line":34,"column":21},"end":{"line":40,"column":3}},"line":34},"1":{"name":"(anonymous_1)","decl":{"start":{"line":42,"column":2},"end":{"line":42,"column":3}},"loc":{"start":{"line":42,"column":27},"end":{"line":51,"column":3}},"line":42},"2":{"name":"(anonymous_2)","decl":{"start":{"line":45,"column":36},"end":{"line":45,"column":37}},"loc":{"start":{"line":45,"column":48},"end":{"line":49,"column":5}},"line":45},"3":{"name":"(anonymous_3)","decl":{"start":{"line":53,"column":2},"end":{"line":53,"column":3}},"loc":{"start":{"line":53,"column":19},"end":{"line":58,"column":3}},"line":53},"4":{"name":"(anonymous_4)","decl":{"start":{"line":55,"column":22},"end":{"line":55,"column":23}},"loc":{"start":{"line":55,"column":28},"end":{"line":55,"column":67}},"line":55},"5":{"name":"(anonymous_5)","decl":{"start":{"line":56,"column":23},"end":{"line":56,"column":24}},"loc":{"start":{"line":56,"column":29},"end":{"line":56,"column":55}},"line":56},"6":{"name":"(anonymous_6)","decl":{"start":{"line":60,"column":2},"end":{"line":60,"column":3}},"loc":{"start":{"line":60,"column":23},"end":{"line":70,"column":3}},"line":60},"7":{"name":"(anonymous_7)","decl":{"start":{"line":72,"column":2},"end":{"line":72,"column":3}},"loc":{"start":{"line":72,"column":35},"end":{"line":92,"column":3}},"line":72},"8":{"name":"(anonymous_8)","decl":{"start":{"line":79,"column":22},"end":{"line":79,"column":23}},"loc":{"start":{"line":79,"column":28},"end":{"line":79,"column":32}},"line":79},"9":{"name":"(anonymous_9)","decl":{"start":{"line":94,"column":2},"end":{"line":94,"column":3}},"loc":{"start":{"line":94,"column":24},"end":{"line":114,"column":3}},"line":94},"10":{"name":"(anonymous_10)","decl":{"start":{"line":105,"column":24},"end":{"line":105,"column":25}},"loc":{"start":{"line":105,"column":30},"end":{"line":105,"column":34}},"line":105},"11":{"name":"(anonymous_11)","decl":{"start":{"line":116,"column":2},"end":{"line":116,"column":3}},"loc":{"start":{"line":116,"column":41},"end":{"line":136,"column":3}},"line":116},"12":{"name":"(anonymous_12)","decl":{"start":{"line":127,"column":24},"end":{"line":127,"column":25}},"loc":{"start":{"line":127,"column":30},"end":{"line":127,"column":34}},"line":127},"13":{"name":"(anonymous_13)","decl":{"start":{"line":138,"column":2},"end":{"line":138,"column":3}},"loc":{"start":{"line":138,"column":47},"end":{"line":153,"column":3}},"line":138},"14":{"name":"(anonymous_14)","decl":{"start":{"line":155,"column":2},"end":{"line":155,"column":3}},"loc":{"start":{"line":155,"column":28},"end":{"line":194,"column":3}},"line":155},"15":{"name":"(anonymous_15)","decl":{"start":{"line":156,"column":35},"end":{"line":156,"column":36}},"loc":{"start":{"line":156,"column":42},"end":{"line":164,"column":5}},"line":156},"16":{"name":"(anonymous_16)","decl":{"start":{"line":159,"column":34},"end":{"line":159,"column":35}},"loc":{"start":{"line":159,"column":42},"end":{"line":159,"column":62}},"line":159},"17":{"name":"(anonymous_17)","decl":{"start":{"line":159,"column":68},"end":{"line":159,"column":69}},"loc":{"start":{"line":159,"column":76},"end":{"line":159,"column":85}},"line":159},"18":{"name":"(anonymous_18)","decl":{"start":{"line":183,"column":11},"end":{"line":183,"column":12}},"loc":{"start":{"line":183,"column":29},"end":{"line":191,"column":7}},"line":183},"19":{"name":"(anonymous_19)","decl":{"start":{"line":196,"column":2},"end":{"line":196,"column":3}},"loc":{"start":{"line":196,"column":27},"end":{"line":202,"column":3}},"line":196},"20":{"name":"(anonymous_20)","decl":{"start":{"line":204,"column":2},"end":{"line":204,"column":3}},"loc":{"start":{"line":204,"column":53},"end":{"line":206,"column":3}},"line":204},"21":{"name":"(anonymous_21)","decl":{"start":{"line":208,"column":2},"end":{"line":208,"column":3}},"loc":{"start":{"line":208,"column":59},"end":{"line":210,"column":3}},"line":208},"22":{"name":"(anonymous_22)","decl":{"start":{"line":212,"column":2},"end":{"line":212,"column":3}},"loc":{"start":{"line":212,"column":66},"end":{"line":264,"column":3}},"line":212},"23":{"name":"(anonymous_23)","decl":{"start":{"line":242,"column":24},"end":{"line":242,"column":25}},"loc":{"start":{"line":242,"column":30},"end":{"line":242,"column":34}},"line":242},"24":{"name":"(anonymous_24)","decl":{"start":{"line":251,"column":24},"end":{"line":251,"column":25}},"loc":{"start":{"line":251,"column":45},"end":{"line":255,"column":7}},"line":251},"25":{"name":"(anonymous_25)","decl":{"start":{"line":252,"column":33},"end":{"line":252,"column":34}},"loc":{"start":{"line":252,"column":44},"end":{"line":252,"column":78}},"line":252},"26":{"name":"(anonymous_26)","decl":{"start":{"line":266,"column":2},"end":{"line":266,"column":3}},"loc":{"start":{"line":266,"column":57},"end":{"line":369,"column":3}},"line":266},"27":{"name":"(anonymous_27)","decl":{"start":{"line":275,"column":23},"end":{"line":275,"column":24}},"loc":{"start":{"line":275,"column":44},"end":{"line":368,"column":5}},"line":275},"28":{"name":"(anonymous_28)","decl":{"start":{"line":276,"column":34},"end":{"line":276,"column":35}},"loc":{"start":{"line":276,"column":45},"end":{"line":338,"column":7}},"line":276},"29":{"name":"(anonymous_29)","decl":{"start":{"line":304,"column":46},"end":{"line":304,"column":47}},"loc":{"start":{"line":304,"column":51},"end":{"line":304,"column":66}},"line":304},"30":{"name":"(anonymous_30)","decl":{"start":{"line":323,"column":28},"end":{"line":323,"column":29}},"loc":{"start":{"line":323,"column":33},"end":{"line":335,"column":13}},"line":323},"31":{"name":"(anonymous_31)","decl":{"start":{"line":328,"column":37},"end":{"line":328,"column":38}},"loc":{"start":{"line":328,"column":42},"end":{"line":328,"column":57}},"line":328},"32":{"name":"(anonymous_32)","decl":{"start":{"line":340,"column":24},"end":{"line":340,"column":25}},"loc":{"start":{"line":340,"column":36},"end":{"line":340,"column":66}},"line":340},"33":{"name":"(anonymous_33)","decl":{"start":{"line":342,"column":25},"end":{"line":342,"column":26}},"loc":{"start":{"line":342,"column":31},"end":{"line":367,"column":7}},"line":342},"34":{"name":"(anonymous_34)","decl":{"start":{"line":371,"column":2},"end":{"line":371,"column":3}},"loc":{"start":{"line":371,"column":51},"end":{"line":489,"column":3}},"line":371},"35":{"name":"(anonymous_35)","decl":{"start":{"line":380,"column":32},"end":{"line":380,"column":33}},"loc":{"start":{"line":380,"column":43},"end":{"line":478,"column":5}},"line":380},"36":{"name":"(anonymous_36)","decl":{"start":{"line":437,"column":24},"end":{"line":437,"column":25}},"loc":{"start":{"line":437,"column":29},"end":{"line":441,"column":9}},"line":437},"37":{"name":"(anonymous_37)","decl":{"start":{"line":448,"column":24},"end":{"line":448,"column":25}},"loc":{"start":{"line":448,"column":29},"end":{"line":452,"column":9}},"line":448},"38":{"name":"(anonymous_38)","decl":{"start":{"line":450,"column":30},"end":{"line":450,"column":31}},"loc":{"start":{"line":450,"column":35},"end":{"line":450,"column":50}},"line":450},"39":{"name":"(anonymous_39)","decl":{"start":{"line":454,"column":49},"end":{"line":454,"column":50}},"loc":{"start":{"line":454,"column":54},"end":{"line":454,"column":69}},"line":454},"40":{"name":"(anonymous_40)","decl":{"start":{"line":480,"column":22},"end":{"line":480,"column":23}},"loc":{"start":{"line":480,"column":34},"end":{"line":480,"column":64}},"line":480},"41":{"name":"(anonymous_41)","decl":{"start":{"line":481,"column":23},"end":{"line":481,"column":24}},"loc":{"start":{"line":481,"column":29},"end":{"line":481,"column":64}},"line":481},"42":{"name":"(anonymous_42)","decl":{"start":{"line":482,"column":23},"end":{"line":482,"column":24}},"loc":{"start":{"line":482,"column":29},"end":{"line":486,"column":5}},"line":482}},"branchMap":{"0":{"loc":{"start":{"line":43,"column":4},"end":{"line":43,"column":52}},"type":"if","locations":[{"start":{"line":43,"column":4},"end":{"line":43,"column":52}},{"start":{},"end":{}}],"line":43},"1":{"loc":{"start":{"line":44,"column":4},"end":{"line":44,"column":74}},"type":"if","locations":[{"start":{"line":44,"column":4},"end":{"line":44,"column":74}},{"start":{},"end":{}}],"line":44},"2":{"loc":{"start":{"line":64,"column":4},"end":{"line":67,"column":5}},"type":"if","locations":[{"start":{"line":64,"column":4},"end":{"line":67,"column":5}},{"start":{},"end":{}}],"line":64},"3":{"loc":{"start":{"line":64,"column":8},"end":{"line":64,"column":69}},"type":"binary-expr","locations":[{"start":{"line":64,"column":8},"end":{"line":64,"column":15}},{"start":{"line":64,"column":19},"end":{"line":64,"column":69}}],"line":64},"4":{"loc":{"start":{"line":82,"column":4},"end":{"line":84,"column":5}},"type":"if","locations":[{"start":{"line":82,"column":4},"end":{"line":84,"column":5}},{"start":{},"end":{}}],"line":82},"5":{"loc":{"start":{"line":82,"column":8},"end":{"line":82,"column":50}},"type":"binary-expr","locations":[{"start":{"line":82,"column":8},"end":{"line":82,"column":22}},{"start":{"line":82,"column":26},"end":{"line":82,"column":50}}],"line":82},"6":{"loc":{"start":{"line":83,"column":47},"end":{"line":83,"column":84}},"type":"binary-expr","locations":[{"start":{"line":83,"column":47},"end":{"line":83,"column":65}},{"start":{"line":83,"column":69},"end":{"line":83,"column":84}}],"line":83},"7":{"loc":{"start":{"line":109,"column":4},"end":{"line":111,"column":5}},"type":"if","locations":[{"start":{"line":109,"column":4},"end":{"line":111,"column":5}},{"start":{},"end":{}}],"line":109},"8":{"loc":{"start":{"line":109,"column":8},"end":{"line":109,"column":83}},"type":"binary-expr","locations":[{"start":{"line":109,"column":8},"end":{"line":109,"column":22}},{"start":{"line":109,"column":26},"end":{"line":109,"column":50}},{"start":{"line":109,"column":54},"end":{"line":109,"column":83}}],"line":109},"9":{"loc":{"start":{"line":131,"column":4},"end":{"line":133,"column":5}},"type":"if","locations":[{"start":{"line":131,"column":4},"end":{"line":133,"column":5}},{"start":{},"end":{}}],"line":131},"10":{"loc":{"start":{"line":131,"column":8},"end":{"line":131,"column":94}},"type":"binary-expr","locations":[{"start":{"line":131,"column":8},"end":{"line":131,"column":22}},{"start":{"line":131,"column":26},"end":{"line":131,"column":50}},{"start":{"line":131,"column":54},"end":{"line":131,"column":94}}],"line":131},"11":{"loc":{"start":{"line":132,"column":50},"end":{"line":132,"column":87}},"type":"binary-expr","locations":[{"start":{"line":132,"column":50},"end":{"line":132,"column":68}},{"start":{"line":132,"column":72},"end":{"line":132,"column":87}}],"line":132},"12":{"loc":{"start":{"line":142,"column":4},"end":{"line":144,"column":5}},"type":"if","locations":[{"start":{"line":142,"column":4},"end":{"line":144,"column":5}},{"start":{},"end":{}}],"line":142},"13":{"loc":{"start":{"line":158,"column":6},"end":{"line":162,"column":7}},"type":"if","locations":[{"start":{"line":158,"column":6},"end":{"line":162,"column":7}},{"start":{"line":160,"column":13},"end":{"line":162,"column":7}}],"line":158},"14":{"loc":{"start":{"line":166,"column":4},"end":{"line":166,"column":42}},"type":"if","locations":[{"start":{"line":166,"column":4},"end":{"line":166,"column":42}},{"start":{},"end":{}}],"line":166},"15":{"loc":{"start":{"line":173,"column":6},"end":{"line":178,"column":7}},"type":"if","locations":[{"start":{"line":173,"column":6},"end":{"line":178,"column":7}},{"start":{"line":175,"column":13},"end":{"line":178,"column":7}}],"line":173},"16":{"loc":{"start":{"line":184,"column":8},"end":{"line":186,"column":9}},"type":"if","locations":[{"start":{"line":184,"column":8},"end":{"line":186,"column":9}},{"start":{},"end":{}}],"line":184},"17":{"loc":{"start":{"line":187,"column":8},"end":{"line":189,"column":9}},"type":"if","locations":[{"start":{"line":187,"column":8},"end":{"line":189,"column":9}},{"start":{},"end":{}}],"line":187},"18":{"loc":{"start":{"line":187,"column":12},"end":{"line":187,"column":60}},"type":"binary-expr","locations":[{"start":{"line":187,"column":12},"end":{"line":187,"column":33}},{"start":{"line":187,"column":37},"end":{"line":187,"column":60}}],"line":187},"19":{"loc":{"start":{"line":188,"column":17},"end":{"line":188,"column":65}},"type":"cond-expr","locations":[{"start":{"line":188,"column":29},"end":{"line":188,"column":52}},{"start":{"line":188,"column":55},"end":{"line":188,"column":65}}],"line":188},"20":{"loc":{"start":{"line":200,"column":18},"end":{"line":200,"column":75}},"type":"binary-expr","locations":[{"start":{"line":200,"column":18},"end":{"line":200,"column":46}},{"start":{"line":200,"column":50},"end":{"line":200,"column":75}}],"line":200},"21":{"loc":{"start":{"line":212,"column":50},"end":{"line":212,"column":64}},"type":"default-arg","locations":[{"start":{"line":212,"column":59},"end":{"line":212,"column":64}}],"line":212},"22":{"loc":{"start":{"line":215,"column":43},"end":{"line":215,"column":70}},"type":"binary-expr","locations":[{"start":{"line":215,"column":43},"end":{"line":215,"column":64}},{"start":{"line":215,"column":68},"end":{"line":215,"column":70}}],"line":215},"23":{"loc":{"start":{"line":217,"column":22},"end":{"line":217,"column":64}},"type":"binary-expr","locations":[{"start":{"line":217,"column":22},"end":{"line":217,"column":34}},{"start":{"line":217,"column":38},"end":{"line":217,"column":64}}],"line":217},"24":{"loc":{"start":{"line":219,"column":28},"end":{"line":219,"column":74}},"type":"cond-expr","locations":[{"start":{"line":219,"column":45},"end":{"line":219,"column":67}},{"start":{"line":219,"column":70},"end":{"line":219,"column":74}}],"line":219},"25":{"loc":{"start":{"line":247,"column":24},"end":{"line":247,"column":62}},"type":"binary-expr","locations":[{"start":{"line":247,"column":24},"end":{"line":247,"column":56}},{"start":{"line":247,"column":60},"end":{"line":247,"column":62}}],"line":247},"26":{"loc":{"start":{"line":248,"column":4},"end":{"line":257,"column":5}},"type":"if","locations":[{"start":{"line":248,"column":4},"end":{"line":257,"column":5}},{"start":{},"end":{}}],"line":248},"27":{"loc":{"start":{"line":259,"column":4},"end":{"line":263,"column":5}},"type":"if","locations":[{"start":{"line":259,"column":4},"end":{"line":263,"column":5}},{"start":{"line":261,"column":11},"end":{"line":263,"column":5}}],"line":259},"28":{"loc":{"start":{"line":277,"column":8},"end":{"line":277,"column":58}},"type":"if","locations":[{"start":{"line":277,"column":8},"end":{"line":277,"column":58}},{"start":{},"end":{}}],"line":277},"29":{"loc":{"start":{"line":277,"column":12},"end":{"line":277,"column":49}},"type":"binary-expr","locations":[{"start":{"line":277,"column":12},"end":{"line":277,"column":34}},{"start":{"line":277,"column":38},"end":{"line":277,"column":49}}],"line":277},"30":{"loc":{"start":{"line":281,"column":10},"end":{"line":281,"column":58}},"type":"if","locations":[{"start":{"line":281,"column":10},"end":{"line":281,"column":58}},{"start":{},"end":{}}],"line":281},"31":{"loc":{"start":{"line":281,"column":14},"end":{"line":281,"column":49}},"type":"binary-expr","locations":[{"start":{"line":281,"column":14},"end":{"line":281,"column":20}},{"start":{"line":281,"column":24},"end":{"line":281,"column":49}}],"line":281},"32":{"loc":{"start":{"line":283,"column":10},"end":{"line":294,"column":11}},"type":"if","locations":[{"start":{"line":283,"column":10},"end":{"line":294,"column":11}},{"start":{},"end":{}}],"line":283},"33":{"loc":{"start":{"line":284,"column":12},"end":{"line":292,"column":13}},"type":"if","locations":[{"start":{"line":284,"column":12},"end":{"line":292,"column":13}},{"start":{},"end":{}}],"line":284},"34":{"loc":{"start":{"line":285,"column":38},"end":{"line":285,"column":84}},"type":"binary-expr","locations":[{"start":{"line":285,"column":38},"end":{"line":285,"column":51}},{"start":{"line":285,"column":55},"end":{"line":285,"column":84}}],"line":285},"35":{"loc":{"start":{"line":286,"column":41},"end":{"line":286,"column":71}},"type":"binary-expr","locations":[{"start":{"line":286,"column":41},"end":{"line":286,"column":60}},{"start":{"line":286,"column":64},"end":{"line":286,"column":71}}],"line":286},"36":{"loc":{"start":{"line":287,"column":14},"end":{"line":290,"column":15}},"type":"if","locations":[{"start":{"line":287,"column":14},"end":{"line":290,"column":15}},{"start":{},"end":{}}],"line":287},"37":{"loc":{"start":{"line":296,"column":10},"end":{"line":298,"column":11}},"type":"if","locations":[{"start":{"line":296,"column":10},"end":{"line":298,"column":11}},{"start":{},"end":{}}],"line":296},"38":{"loc":{"start":{"line":296,"column":14},"end":{"line":296,"column":53}},"type":"binary-expr","locations":[{"start":{"line":296,"column":14},"end":{"line":296,"column":39}},{"start":{"line":296,"column":43},"end":{"line":296,"column":53}}],"line":296},"39":{"loc":{"start":{"line":300,"column":10},"end":{"line":313,"column":11}},"type":"if","locations":[{"start":{"line":300,"column":10},"end":{"line":313,"column":11}},{"start":{"line":311,"column":17},"end":{"line":313,"column":11}}],"line":300},"40":{"loc":{"start":{"line":300,"column":14},"end":{"line":300,"column":41}},"type":"binary-expr","locations":[{"start":{"line":300,"column":14},"end":{"line":300,"column":21}},{"start":{"line":300,"column":25},"end":{"line":300,"column":41}}],"line":300},"41":{"loc":{"start":{"line":302,"column":26},"end":{"line":302,"column":72}},"type":"cond-expr","locations":[{"start":{"line":302,"column":50},"end":{"line":302,"column":60}},{"start":{"line":302,"column":63},"end":{"line":302,"column":72}}],"line":302},"42":{"loc":{"start":{"line":303,"column":12},"end":{"line":310,"column":13}},"type":"if","locations":[{"start":{"line":303,"column":12},"end":{"line":310,"column":13}},{"start":{},"end":{}}],"line":303},"43":{"loc":{"start":{"line":303,"column":16},"end":{"line":303,"column":59}},"type":"binary-expr","locations":[{"start":{"line":303,"column":16},"end":{"line":303,"column":30}},{"start":{"line":303,"column":34},"end":{"line":303,"column":59}}],"line":303},"44":{"loc":{"start":{"line":304,"column":51},"end":{"line":304,"column":66}},"type":"binary-expr","locations":[{"start":{"line":304,"column":51},"end":{"line":304,"column":60}},{"start":{"line":304,"column":64},"end":{"line":304,"column":66}}],"line":304},"45":{"loc":{"start":{"line":305,"column":14},"end":{"line":309,"column":15}},"type":"if","locations":[{"start":{"line":305,"column":14},"end":{"line":309,"column":15}},{"start":{"line":307,"column":21},"end":{"line":309,"column":15}}],"line":305},"46":{"loc":{"start":{"line":311,"column":17},"end":{"line":313,"column":11}},"type":"if","locations":[{"start":{"line":311,"column":17},"end":{"line":313,"column":11}},{"start":{},"end":{}}],"line":311},"47":{"loc":{"start":{"line":311,"column":21},"end":{"line":311,"column":72}},"type":"binary-expr","locations":[{"start":{"line":311,"column":21},"end":{"line":311,"column":28}},{"start":{"line":311,"column":32},"end":{"line":311,"column":72}}],"line":311},"48":{"loc":{"start":{"line":315,"column":10},"end":{"line":336,"column":11}},"type":"if","locations":[{"start":{"line":315,"column":10},"end":{"line":336,"column":11}},{"start":{"line":322,"column":17},"end":{"line":336,"column":11}}],"line":315},"49":{"loc":{"start":{"line":317,"column":12},"end":{"line":321,"column":13}},"type":"if","locations":[{"start":{"line":317,"column":12},"end":{"line":321,"column":13}},{"start":{"line":319,"column":19},"end":{"line":321,"column":13}}],"line":317},"50":{"loc":{"start":{"line":322,"column":17},"end":{"line":336,"column":11}},"type":"if","locations":[{"start":{"line":322,"column":17},"end":{"line":336,"column":11}},{"start":{},"end":{}}],"line":322},"51":{"loc":{"start":{"line":324,"column":14},"end":{"line":326,"column":15}},"type":"if","locations":[{"start":{"line":324,"column":14},"end":{"line":326,"column":15}},{"start":{},"end":{}}],"line":324},"52":{"loc":{"start":{"line":324,"column":18},"end":{"line":324,"column":78}},"type":"binary-expr","locations":[{"start":{"line":324,"column":18},"end":{"line":324,"column":51}},{"start":{"line":324,"column":55},"end":{"line":324,"column":78}}],"line":324},"53":{"loc":{"start":{"line":327,"column":14},"end":{"line":334,"column":15}},"type":"if","locations":[{"start":{"line":327,"column":14},"end":{"line":334,"column":15}},{"start":{},"end":{}}],"line":327},"54":{"loc":{"start":{"line":328,"column":42},"end":{"line":328,"column":57}},"type":"binary-expr","locations":[{"start":{"line":328,"column":42},"end":{"line":328,"column":51}},{"start":{"line":328,"column":55},"end":{"line":328,"column":57}}],"line":328},"55":{"loc":{"start":{"line":329,"column":16},"end":{"line":333,"column":17}},"type":"if","locations":[{"start":{"line":329,"column":16},"end":{"line":333,"column":17}},{"start":{"line":331,"column":23},"end":{"line":333,"column":17}}],"line":329},"56":{"loc":{"start":{"line":343,"column":8},"end":{"line":346,"column":9}},"type":"if","locations":[{"start":{"line":343,"column":8},"end":{"line":346,"column":9}},{"start":{},"end":{}}],"line":343},"57":{"loc":{"start":{"line":356,"column":33},"end":{"line":356,"column":72}},"type":"binary-expr","locations":[{"start":{"line":356,"column":33},"end":{"line":356,"column":59}},{"start":{"line":356,"column":63},"end":{"line":356,"column":72}}],"line":356},"58":{"loc":{"start":{"line":381,"column":6},"end":{"line":381,"column":41}},"type":"if","locations":[{"start":{"line":381,"column":6},"end":{"line":381,"column":41}},{"start":{},"end":{}}],"line":381},"59":{"loc":{"start":{"line":383,"column":6},"end":{"line":400,"column":7}},"type":"if","locations":[{"start":{"line":383,"column":6},"end":{"line":400,"column":7}},{"start":{},"end":{}}],"line":383},"60":{"loc":{"start":{"line":386,"column":10},"end":{"line":397,"column":11}},"type":"if","locations":[{"start":{"line":386,"column":10},"end":{"line":397,"column":11}},{"start":{},"end":{}}],"line":386},"61":{"loc":{"start":{"line":387,"column":27},"end":{"line":387,"column":76}},"type":"binary-expr","locations":[{"start":{"line":387,"column":27},"end":{"line":387,"column":43}},{"start":{"line":387,"column":47},"end":{"line":387,"column":76}}],"line":387},"62":{"loc":{"start":{"line":392,"column":62},"end":{"line":392,"column":95}},"type":"binary-expr","locations":[{"start":{"line":392,"column":62},"end":{"line":392,"column":84}},{"start":{"line":392,"column":88},"end":{"line":392,"column":95}}],"line":392},"63":{"loc":{"start":{"line":402,"column":6},"end":{"line":417,"column":7}},"type":"if","locations":[{"start":{"line":402,"column":6},"end":{"line":417,"column":7}},{"start":{},"end":{}}],"line":402},"64":{"loc":{"start":{"line":402,"column":10},"end":{"line":402,"column":67}},"type":"binary-expr","locations":[{"start":{"line":402,"column":10},"end":{"line":402,"column":33}},{"start":{"line":402,"column":37},"end":{"line":402,"column":67}}],"line":402},"65":{"loc":{"start":{"line":419,"column":6},"end":{"line":419,"column":30}},"type":"if","locations":[{"start":{"line":419,"column":6},"end":{"line":419,"column":30}},{"start":{},"end":{}}],"line":419},"66":{"loc":{"start":{"line":422,"column":6},"end":{"line":422,"column":54}},"type":"if","locations":[{"start":{"line":422,"column":6},"end":{"line":422,"column":54}},{"start":{},"end":{}}],"line":422},"67":{"loc":{"start":{"line":422,"column":10},"end":{"line":422,"column":45}},"type":"binary-expr","locations":[{"start":{"line":422,"column":10},"end":{"line":422,"column":16}},{"start":{"line":422,"column":20},"end":{"line":422,"column":45}}],"line":422},"68":{"loc":{"start":{"line":424,"column":6},"end":{"line":426,"column":7}},"type":"if","locations":[{"start":{"line":424,"column":6},"end":{"line":426,"column":7}},{"start":{},"end":{}}],"line":424},"69":{"loc":{"start":{"line":424,"column":10},"end":{"line":424,"column":49}},"type":"binary-expr","locations":[{"start":{"line":424,"column":10},"end":{"line":424,"column":35}},{"start":{"line":424,"column":39},"end":{"line":424,"column":49}}],"line":424},"70":{"loc":{"start":{"line":428,"column":6},"end":{"line":434,"column":7}},"type":"if","locations":[{"start":{"line":428,"column":6},"end":{"line":434,"column":7}},{"start":{"line":430,"column":13},"end":{"line":434,"column":7}}],"line":428},"71":{"loc":{"start":{"line":428,"column":10},"end":{"line":428,"column":37}},"type":"binary-expr","locations":[{"start":{"line":428,"column":10},"end":{"line":428,"column":17}},{"start":{"line":428,"column":21},"end":{"line":428,"column":37}}],"line":428},"72":{"loc":{"start":{"line":429,"column":22},"end":{"line":429,"column":80}},"type":"cond-expr","locations":[{"start":{"line":429,"column":58},"end":{"line":429,"column":68}},{"start":{"line":429,"column":71},"end":{"line":429,"column":80}}],"line":429},"73":{"loc":{"start":{"line":430,"column":13},"end":{"line":434,"column":7}},"type":"if","locations":[{"start":{"line":430,"column":13},"end":{"line":434,"column":7}},{"start":{"line":432,"column":13},"end":{"line":434,"column":7}}],"line":430},"74":{"loc":{"start":{"line":430,"column":17},"end":{"line":430,"column":68}},"type":"binary-expr","locations":[{"start":{"line":430,"column":17},"end":{"line":430,"column":24}},{"start":{"line":430,"column":28},"end":{"line":430,"column":68}}],"line":430},"75":{"loc":{"start":{"line":432,"column":13},"end":{"line":434,"column":7}},"type":"if","locations":[{"start":{"line":432,"column":13},"end":{"line":434,"column":7}},{"start":{},"end":{}}],"line":432},"76":{"loc":{"start":{"line":432,"column":17},"end":{"line":432,"column":94}},"type":"binary-expr","locations":[{"start":{"line":432,"column":17},"end":{"line":432,"column":53}},{"start":{"line":432,"column":57},"end":{"line":432,"column":94}}],"line":432},"77":{"loc":{"start":{"line":436,"column":6},"end":{"line":442,"column":7}},"type":"if","locations":[{"start":{"line":436,"column":6},"end":{"line":442,"column":7}},{"start":{},"end":{}}],"line":436},"78":{"loc":{"start":{"line":436,"column":10},"end":{"line":436,"column":58}},"type":"binary-expr","locations":[{"start":{"line":436,"column":10},"end":{"line":436,"column":32}},{"start":{"line":436,"column":36},"end":{"line":436,"column":58}}],"line":436},"79":{"loc":{"start":{"line":438,"column":10},"end":{"line":440,"column":11}},"type":"if","locations":[{"start":{"line":438,"column":10},"end":{"line":440,"column":11}},{"start":{},"end":{}}],"line":438},"80":{"loc":{"start":{"line":438,"column":14},"end":{"line":438,"column":74}},"type":"binary-expr","locations":[{"start":{"line":438,"column":14},"end":{"line":438,"column":47}},{"start":{"line":438,"column":51},"end":{"line":438,"column":74}}],"line":438},"81":{"loc":{"start":{"line":445,"column":6},"end":{"line":455,"column":7}},"type":"if","locations":[{"start":{"line":445,"column":6},"end":{"line":455,"column":7}},{"start":{"line":447,"column":13},"end":{"line":455,"column":7}}],"line":445},"82":{"loc":{"start":{"line":447,"column":13},"end":{"line":455,"column":7}},"type":"if","locations":[{"start":{"line":447,"column":13},"end":{"line":455,"column":7}},{"start":{"line":453,"column":13},"end":{"line":455,"column":7}}],"line":447},"83":{"loc":{"start":{"line":449,"column":10},"end":{"line":451,"column":11}},"type":"if","locations":[{"start":{"line":449,"column":10},"end":{"line":451,"column":11}},{"start":{},"end":{}}],"line":449},"84":{"loc":{"start":{"line":450,"column":35},"end":{"line":450,"column":50}},"type":"binary-expr","locations":[{"start":{"line":450,"column":35},"end":{"line":450,"column":44}},{"start":{"line":450,"column":48},"end":{"line":450,"column":50}}],"line":450},"85":{"loc":{"start":{"line":453,"column":13},"end":{"line":455,"column":7}},"type":"if","locations":[{"start":{"line":453,"column":13},"end":{"line":455,"column":7}},{"start":{},"end":{}}],"line":453},"86":{"loc":{"start":{"line":453,"column":17},"end":{"line":453,"column":74}},"type":"binary-expr","locations":[{"start":{"line":453,"column":17},"end":{"line":453,"column":24}},{"start":{"line":453,"column":28},"end":{"line":453,"column":44}},{"start":{"line":453,"column":48},"end":{"line":453,"column":74}}],"line":453},"87":{"loc":{"start":{"line":454,"column":54},"end":{"line":454,"column":69}},"type":"binary-expr","locations":[{"start":{"line":454,"column":54},"end":{"line":454,"column":63}},{"start":{"line":454,"column":67},"end":{"line":454,"column":69}}],"line":454},"88":{"loc":{"start":{"line":457,"column":6},"end":{"line":457,"column":27}},"type":"if","locations":[{"start":{"line":457,"column":6},"end":{"line":457,"column":27}},{"start":{},"end":{}}],"line":457},"89":{"loc":{"start":{"line":460,"column":6},"end":{"line":463,"column":7}},"type":"if","locations":[{"start":{"line":460,"column":6},"end":{"line":463,"column":7}},{"start":{},"end":{}}],"line":460},"90":{"loc":{"start":{"line":465,"column":6},"end":{"line":469,"column":7}},"type":"if","locations":[{"start":{"line":465,"column":6},"end":{"line":469,"column":7}},{"start":{"line":467,"column":13},"end":{"line":469,"column":7}}],"line":465},"91":{"loc":{"start":{"line":483,"column":6},"end":{"line":485,"column":7}},"type":"if","locations":[{"start":{"line":483,"column":6},"end":{"line":485,"column":7}},{"start":{},"end":{}}],"line":483}},"s":{"0":2,"1":2,"2":2,"3":2,"4":2,"5":2,"6":2,"7":2,"8":2,"9":2,"10":2,"11":2,"12":34,"13":34,"14":34,"15":34,"16":34,"17":11,"18":10,"19":1,"20":1,"21":0,"22":0,"23":0,"24":0,"25":0,"26":13,"27":13,"28":13,"29":13,"30":65,"31":13,"32":36,"33":36,"34":36,"35":15,"36":15,"37":36,"38":18,"39":18,"40":18,"41":2,"42":16,"43":16,"44":12,"45":12,"46":12,"47":12,"48":1,"49":11,"50":12,"51":12,"52":12,"53":12,"54":1,"55":11,"56":12,"57":12,"58":12,"59":12,"60":1,"61":11,"62":18,"63":22,"64":1,"65":2,"66":1,"67":21,"68":22,"69":18,"70":1,"71":17,"72":17,"73":17,"74":17,"75":5,"76":5,"77":1,"78":4,"79":4,"80":17,"81":17,"82":21,"83":2,"84":19,"85":19,"86":0,"87":20,"88":20,"89":6,"90":4,"91":10,"92":10,"93":10,"94":10,"95":10,"96":10,"97":10,"98":10,"99":10,"100":10,"101":10,"102":10,"103":0,"104":0,"105":0,"106":0,"107":0,"108":0,"109":0,"110":10,"111":4,"112":6,"113":6,"114":6,"115":6,"116":6,"117":6,"118":6,"119":6,"120":6,"121":6,"122":14,"123":0,"124":14,"125":14,"126":14,"127":0,"128":14,"129":2,"130":2,"131":2,"132":2,"133":2,"134":2,"135":2,"136":0,"137":12,"138":5,"139":12,"140":2,"141":2,"142":2,"143":0,"144":0,"145":0,"146":0,"147":0,"148":10,"149":2,"150":12,"151":2,"152":2,"153":1,"154":1,"155":10,"156":7,"157":7,"158":4,"159":7,"160":3,"161":3,"162":3,"163":0,"164":3,"165":6,"166":6,"167":6,"168":6,"169":6,"170":2,"171":2,"172":4,"173":4,"174":4,"175":4,"176":4,"177":4,"178":4,"179":4,"180":4,"181":11,"182":0,"183":11,"184":1,"185":1,"186":1,"187":1,"188":1,"189":1,"190":1,"191":0,"192":10,"193":0,"194":0,"195":0,"196":10,"197":0,"198":10,"199":10,"200":0,"201":10,"202":4,"203":10,"204":1,"205":9,"206":5,"207":4,"208":0,"209":10,"210":3,"211":3,"212":3,"213":10,"214":10,"215":0,"216":10,"217":8,"218":8,"219":5,"220":5,"221":2,"222":0,"223":0,"224":10,"225":5,"226":5,"227":5,"228":3,"229":3,"230":5,"231":0,"232":5,"233":5,"234":4,"235":4,"236":4,"237":0,"238":4,"239":4,"240":3,"241":4,"242":2},"f":{"0":34,"1":11,"2":0,"3":13,"4":13,"5":65,"6":36,"7":18,"8":18,"9":12,"10":12,"11":12,"12":12,"13":12,"14":18,"15":22,"16":2,"17":1,"18":21,"19":20,"20":6,"21":4,"22":10,"23":10,"24":0,"25":0,"26":6,"27":6,"28":14,"29":0,"30":7,"31":3,"32":6,"33":6,"34":4,"35":11,"36":3,"37":8,"38":5,"39":0,"40":4,"41":0,"42":4},"b":{"0":[10,1],"1":[1,0],"2":[15,21],"3":[36,21],"4":[2,16],"5":[18,17],"6":[2,1],"7":[1,11],"8":[12,12,11],"9":[1,11],"10":[12,12,11],"11":[1,0],"12":[1,11],"13":[1,21],"14":[1,17],"15":[1,4],"16":[2,19],"17":[19,0],"18":[19,1],"19":[2,17],"20":[20,16],"21":[0],"22":[10,10],"23":[10,10],"24":[0,10],"25":[10,0],"26":[0,10],"27":[4,6],"28":[0,14],"29":[14,14],"30":[0,14],"31":[14,14],"32":[2,12],"33":[2,0],"34":[2,0],"35":[2,0],"36":[2,0],"37":[5,7],"38":[12,5],"39":[2,10],"40":[12,11],"41":[1,1],"42":[0,2],"43":[2,0],"44":[0,0],"45":[0,0],"46":[2,8],"47":[10,6],"48":[2,10],"49":[1,1],"50":[7,3],"51":[4,3],"52":[7,4],"53":[3,4],"54":[3,0],"55":[0,3],"56":[2,4],"57":[4,3],"58":[0,11],"59":[1,10],"60":[1,0],"61":[1,0],"62":[1,0],"63":[0,10],"64":[10,10],"65":[0,10],"66":[0,10],"67":[10,10],"68":[4,6],"69":[10,4],"70":[1,9],"71":[10,9],"72":[1,0],"73":[5,4],"74":[9,8],"75":[0,4],"76":[4,4],"77":[3,7],"78":[10,3],"79":[3,0],"80":[3,3],"81":[0,10],"82":[8,2],"83":[5,3],"84":[5,0],"85":[0,2],"86":[2,1,1],"87":[0,0],"88":[5,5],"89":[3,2],"90":[0,5],"91":[3,1]},"_coverageSchema":"1a1c01bbd47fc00a2c39e90264f33305004495a9","hash":"f8f043bf635f998bf243e34dcaadc60a49f8b218"}
,"C:\\Code\\APIonWEB\\deepseek-to-openai-api\\src\\index.js": {"path":"C:\\Code\\APIonWEB\\deepseek-to-openai-api\\src\\index.js","statementMap":{"0":{"start":{"line":1,"column":16},"end":{"line":1,"column":34}},"1":{"start":{"line":2,"column":15},"end":{"line":2,"column":32}},"2":{"start":{"line":3,"column":23},"end":{"line":3,"column":38}},"3":{"start":{"line":4,"column":23},"end":{"line":4,"column":51}},"4":{"start":{"line":5,"column":53},"end":{"line":5,"column":80}},"5":{"start":{"line":7,"column":0},"end":{"line":7,"column":16}},"6":{"start":{"line":9,"column":12},"end":{"line":9,"column":21}},"7":{"start":{"line":10,"column":13},"end":{"line":10,"column":37}},"8":{"start":{"line":11,"column":13},"end":{"line":11,"column":42}},"9":{"start":{"line":13,"column":0},"end":{"line":13,"column":41}},"10":{"start":{"line":14,"column":0},"end":{"line":14,"column":48}},"11":{"start":{"line":17,"column":0},"end":{"line":38,"column":3}},"12":{"start":{"line":18,"column":2},"end":{"line":37,"column":5}},"13":{"start":{"line":41,"column":0},"end":{"line":43,"column":3}},"14":{"start":{"line":42,"column":2},"end":{"line":42,"column":66}},"15":{"start":{"line":46,"column":0},"end":{"line":58,"column":3}},"16":{"start":{"line":47,"column":2},"end":{"line":57,"column":5}},"17":{"start":{"line":61,"column":0},"end":{"line":121,"column":3}},"18":{"start":{"line":62,"column":2},"end":{"line":120,"column":3}},"19":{"start":{"line":63,"column":23},"end":{"line":63,"column":48}},"20":{"start":{"line":64,"column":4},"end":{"line":66,"column":5}},"21":{"start":{"line":65,"column":6},"end":{"line":65,"column":88}},"22":{"start":{"line":68,"column":18},"end":{"line":68,"column":51}},"23":{"start":{"line":69,"column":17},"end":{"line":69,"column":25}},"24":{"start":{"line":71,"column":4},"end":{"line":73,"column":5}},"25":{"start":{"line":72,"column":6},"end":{"line":72,"column":74}},"26":{"start":{"line":75,"column":18},"end":{"line":75,"column":47}},"27":{"start":{"line":76,"column":19},"end":{"line":76,"column":39}},"28":{"start":{"line":77,"column":27},"end":{"line":77,"column":47}},"29":{"start":{"line":79,"column":19},"end":{"line":79,"column":44}},"30":{"start":{"line":81,"column":4},"end":{"line":109,"column":5}},"31":{"start":{"line":82,"column":6},"end":{"line":82,"column":57}},"32":{"start":{"line":83,"column":6},"end":{"line":83,"column":49}},"33":{"start":{"line":84,"column":6},"end":{"line":84,"column":48}},"34":{"start":{"line":85,"column":6},"end":{"line":85,"column":25}},"35":{"start":{"line":87,"column":21},"end":{"line":87,"column":94}},"36":{"start":{"line":89,"column":6},"end":{"line":91,"column":9}},"37":{"start":{"line":90,"column":8},"end":{"line":90,"column":25}},"38":{"start":{"line":93,"column":6},"end":{"line":96,"column":9}},"39":{"start":{"line":94,"column":8},"end":{"line":94,"column":38}},"40":{"start":{"line":95,"column":8},"end":{"line":95,"column":18}},"41":{"start":{"line":98,"column":6},"end":{"line":105,"column":9}},"42":{"start":{"line":99,"column":8},"end":{"line":99,"column":44}},"43":{"start":{"line":100,"column":8},"end":{"line":104,"column":9}},"44":{"start":{"line":101,"column":26},"end":{"line":101,"column":99}},"45":{"start":{"line":102,"column":10},"end":{"line":102,"column":44}},"46":{"start":{"line":103,"column":10},"end":{"line":103,"column":20}},"47":{"start":{"line":107,"column":21},"end":{"line":107,"column":88}},"48":{"start":{"line":108,"column":6},"end":{"line":108,"column":23}},"49":{"start":{"line":111,"column":4},"end":{"line":111,"column":43}},"50":{"start":{"line":112,"column":4},"end":{"line":119,"column":5}},"51":{"start":{"line":113,"column":6},"end":{"line":118,"column":9}},"52":{"start":{"line":124,"column":0},"end":{"line":130,"column":3}},"53":{"start":{"line":125,"column":2},"end":{"line":125,"column":81}},"54":{"start":{"line":126,"column":2},"end":{"line":126,"column":28}},"55":{"start":{"line":127,"column":2},"end":{"line":127,"column":45}},"56":{"start":{"line":128,"column":2},"end":{"line":128,"column":35}},"57":{"start":{"line":129,"column":2},"end":{"line":129,"column":32}},"58":{"start":{"line":132,"column":0},"end":{"line":132,"column":21}}},"fnMap":{"0":{"name":"(anonymous_0)","decl":{"start":{"line":17,"column":13},"end":{"line":17,"column":14}},"loc":{"start":{"line":17,"column":27},"end":{"line":38,"column":1}},"line":17},"1":{"name":"(anonymous_1)","decl":{"start":{"line":41,"column":19},"end":{"line":41,"column":20}},"loc":{"start":{"line":41,"column":33},"end":{"line":43,"column":1}},"line":41},"2":{"name":"(anonymous_2)","decl":{"start":{"line":46,"column":22},"end":{"line":46,"column":23}},"loc":{"start":{"line":46,"column":36},"end":{"line":58,"column":1}},"line":46},"3":{"name":"(anonymous_3)","decl":{"start":{"line":61,"column":33},"end":{"line":61,"column":34}},"loc":{"start":{"line":61,"column":53},"end":{"line":121,"column":1}},"line":61},"4":{"name":"(anonymous_4)","decl":{"start":{"line":89,"column":24},"end":{"line":89,"column":25}},"loc":{"start":{"line":89,"column":35},"end":{"line":91,"column":7}},"line":89},"5":{"name":"(anonymous_5)","decl":{"start":{"line":93,"column":23},"end":{"line":93,"column":24}},"loc":{"start":{"line":93,"column":29},"end":{"line":96,"column":7}},"line":93},"6":{"name":"(anonymous_6)","decl":{"start":{"line":98,"column":25},"end":{"line":98,"column":26}},"loc":{"start":{"line":98,"column":34},"end":{"line":105,"column":7}},"line":98},"7":{"name":"(anonymous_7)","decl":{"start":{"line":124,"column":23},"end":{"line":124,"column":24}},"loc":{"start":{"line":124,"column":29},"end":{"line":130,"column":1}},"line":124}},"branchMap":{"0":{"loc":{"start":{"line":10,"column":13},"end":{"line":10,"column":37}},"type":"binary-expr","locations":[{"start":{"line":10,"column":13},"end":{"line":10,"column":29}},{"start":{"line":10,"column":33},"end":{"line":10,"column":37}}],"line":10},"1":{"loc":{"start":{"line":11,"column":13},"end":{"line":11,"column":42}},"type":"binary-expr","locations":[{"start":{"line":11,"column":13},"end":{"line":11,"column":29}},{"start":{"line":11,"column":33},"end":{"line":11,"column":42}}],"line":11},"2":{"loc":{"start":{"line":64,"column":4},"end":{"line":66,"column":5}},"type":"if","locations":[{"start":{"line":64,"column":4},"end":{"line":66,"column":5}},{"start":{},"end":{}}],"line":64},"3":{"loc":{"start":{"line":64,"column":8},"end":{"line":64,"column":56}},"type":"binary-expr","locations":[{"start":{"line":64,"column":8},"end":{"line":64,"column":19}},{"start":{"line":64,"column":23},"end":{"line":64,"column":56}}],"line":64},"4":{"loc":{"start":{"line":71,"column":4},"end":{"line":73,"column":5}},"type":"if","locations":[{"start":{"line":71,"column":4},"end":{"line":73,"column":5}},{"start":{},"end":{}}],"line":71},"5":{"loc":{"start":{"line":71,"column":8},"end":{"line":71,"column":55}},"type":"binary-expr","locations":[{"start":{"line":71,"column":8},"end":{"line":71,"column":22}},{"start":{"line":71,"column":26},"end":{"line":71,"column":55}}],"line":71},"6":{"loc":{"start":{"line":75,"column":18},"end":{"line":75,"column":47}},"type":"binary-expr","locations":[{"start":{"line":75,"column":18},"end":{"line":75,"column":28}},{"start":{"line":75,"column":32},"end":{"line":75,"column":47}}],"line":75},"7":{"loc":{"start":{"line":76,"column":19},"end":{"line":76,"column":39}},"type":"binary-expr","locations":[{"start":{"line":76,"column":19},"end":{"line":76,"column":30}},{"start":{"line":76,"column":34},"end":{"line":76,"column":39}}],"line":76},"8":{"loc":{"start":{"line":81,"column":4},"end":{"line":109,"column":5}},"type":"if","locations":[{"start":{"line":81,"column":4},"end":{"line":109,"column":5}},{"start":{"line":106,"column":11},"end":{"line":109,"column":5}}],"line":81},"9":{"loc":{"start":{"line":100,"column":8},"end":{"line":104,"column":9}},"type":"if","locations":[{"start":{"line":100,"column":8},"end":{"line":104,"column":9}},{"start":{},"end":{}}],"line":100},"10":{"loc":{"start":{"line":112,"column":4},"end":{"line":119,"column":5}},"type":"if","locations":[{"start":{"line":112,"column":4},"end":{"line":119,"column":5}},{"start":{},"end":{}}],"line":112},"11":{"loc":{"start":{"line":115,"column":19},"end":{"line":115,"column":59}},"type":"binary-expr","locations":[{"start":{"line":115,"column":19},"end":{"line":115,"column":32}},{"start":{"line":115,"column":36},"end":{"line":115,"column":59}}],"line":115}},"s":{"0":1,"1":1,"2":1,"3":1,"4":1,"5":1,"6":1,"7":1,"8":1,"9":1,"10":1,"11":1,"12":3,"13":1,"14":1,"15":1,"16":3,"17":1,"18":7,"19":7,"20":7,"21":2,"22":5,"23":5,"24":5,"25":2,"26":3,"27":3,"28":3,"29":3,"30":3,"31":1,"32":1,"33":1,"34":1,"35":1,"36":1,"37":2,"38":1,"39":1,"40":1,"41":1,"42":0,"43":0,"44":0,"45":0,"46":0,"47":2,"48":1,"49":1,"50":1,"51":1,"52":1,"53":1,"54":1,"55":1,"56":1,"57":1,"58":1},"f":{"0":3,"1":1,"2":3,"3":7,"4":2,"5":1,"6":0,"7":1},"b":{"0":[1,0],"1":[1,0],"2":[2,5],"3":[7,6],"4":[2,3],"5":[5,4],"6":[3,3],"7":[3,2],"8":[1,2],"9":[0,0],"10":[1,0],"11":[1,0]},"_coverageSchema":"1a1c01bbd47fc00a2c39e90264f33305004495a9","hash":"790ac74652ab459807f6e17c5a3993560d9365d6"}
,"C:\\Code\\APIonWEB\\deepseek-to-openai-api\\src\\openai-adapter.js": {"path":"C:\\Code\\APIonWEB\\deepseek-to-openai-api\\src\\openai-adapter.js","statementMap":{"0":{"start":{"line":2,"column":2},"end":{"line":21,"column":4}},"1":{"start":{"line":25,"column":2},"end":{"line":25,"column":16}},"2":{"start":{"line":28,"column":0},"end":{"line":31,"column":2}}},"fnMap":{"0":{"name":"createCompletionResponse","decl":{"start":{"line":1,"column":9},"end":{"line":1,"column":33}},"loc":{"start":{"line":1,"column":61},"end":{"line":22,"column":1}},"line":1},"1":{"name":"createCompletionStream","decl":{"start":{"line":24,"column":9},"end":{"line":24,"column":31}},"loc":{"start":{"line":24,"column":57},"end":{"line":26,"column":1}},"line":24}},"branchMap":{"0":{"loc":{"start":{"line":3,"column":8},"end":{"line":3,"column":47}},"type":"binary-expr","locations":[{"start":{"line":3,"column":8},"end":{"line":3,"column":19}},{"start":{"line":3,"column":23},"end":{"line":3,"column":47}}],"line":3},"1":{"loc":{"start":{"line":4,"column":11},"end":{"line":4,"column":34}},"type":"binary-expr","locations":[{"start":{"line":4,"column":11},"end":{"line":4,"column":25}},{"start":{"line":4,"column":29},"end":{"line":4,"column":34}}],"line":4},"2":{"loc":{"start":{"line":6,"column":13},"end":{"line":14,"column":6}},"type":"binary-expr","locations":[{"start":{"line":6,"column":13},"end":{"line":6,"column":29}},{"start":{"line":6,"column":33},"end":{"line":14,"column":6}}],"line":6},"3":{"loc":{"start":{"line":10,"column":17},"end":{"line":10,"column":39}},"type":"binary-expr","locations":[{"start":{"line":10,"column":17},"end":{"line":10,"column":33}},{"start":{"line":10,"column":37},"end":{"line":10,"column":39}}],"line":10},"4":{"loc":{"start":{"line":11,"column":12},"end":{"line":11,"column":95}},"type":"cond-expr","locations":[{"start":{"line":11,"column":41},"end":{"line":11,"column":90}},{"start":{"line":11,"column":93},"end":{"line":11,"column":95}}],"line":11},"5":{"loc":{"start":{"line":15,"column":11},"end":{"line":19,"column":5}},"type":"binary-expr","locations":[{"start":{"line":15,"column":11},"end":{"line":15,"column":25}},{"start":{"line":15,"column":29},"end":{"line":19,"column":5}}],"line":15},"6":{"loc":{"start":{"line":20,"column":13},"end":{"line":20,"column":62}},"type":"binary-expr","locations":[{"start":{"line":20,"column":13},"end":{"line":20,"column":29}},{"start":{"line":20,"column":33},"end":{"line":20,"column":62}}],"line":20}},"s":{"0":5,"1":1,"2":2},"f":{"0":5,"1":1},"b":{"0":[5,1],"1":[5,4],"2":[5,4],"3":[4,0],"4":[1,3],"5":[5,4],"6":[5,4]},"_coverageSchema":"1a1c01bbd47fc00a2c39e90264f33305004495a9","hash":"a26015bf46b18f8b691c55816d12c6266c7f52e6"}
}
