TN:
SF:src\challenge.js
FN:5,(anonymous_0)
FN:12,(anonymous_1)
FN:50,(anonymous_2)
FN:57,(anonymous_3)
FN:97,(anonymous_4)
FNF:5
FNH:5
FNDA:11,(anonymous_0)
FNDA:7,(anonymous_1)
FNDA:11,(anonymous_2)
FNDA:3,(anonymous_3)
FNDA:1,(anonymous_4)
DA:1,3
DA:2,3
DA:6,11
DA:7,11
DA:8,11
DA:9,11
DA:13,7
DA:14,5
DA:15,5
DA:16,5
DA:17,5
DA:18,5
DA:19,5
DA:22,2
DA:23,2
DA:24,2
DA:25,2
DA:27,2
DA:28,7
DA:29,7
DA:30,6
DA:33,2
DA:34,1
DA:35,1
DA:37,1
DA:38,1
DA:42,1
DA:43,1
DA:46,2
DA:47,2
DA:51,11
DA:52,2
DA:54,11
DA:58,3
DA:59,1
DA:62,2
DA:64,2
DA:65,2
DA:67,2
DA:72,2
DA:74,2
DA:79,2
DA:81,2
DA:83,2
DA:84,2
DA:85,2
DA:87,2
DA:88,1
DA:90,1
DA:93,2
DA:98,1
DA:99,1
DA:100,1
DA:101,1
DA:102,1
DA:106,3
LF:56
LH:56
BRDA:13,0,0,5
BRDA:13,0,1,2
BRDA:29,1,0,1
BRDA:29,1,1,6
BRDA:33,2,0,1
BRDA:33,2,1,1
BRDA:34,3,0,1
BRDA:34,3,1,0
BRDA:51,4,0,2
BRDA:51,4,1,9
BRDA:51,5,0,11
BRDA:51,5,1,10
BRDA:58,6,0,1
BRDA:58,6,1,2
BRDA:87,7,0,1
BRDA:87,7,1,1
BRF:16
BRH:15
end_of_record
TN:
SF:src\deepseek-client.js
FN:34,(anonymous_0)
FN:42,(anonymous_1)
FN:45,(anonymous_2)
FN:53,(anonymous_3)
FN:55,(anonymous_4)
FN:56,(anonymous_5)
FN:60,(anonymous_6)
FN:72,(anonymous_7)
FN:79,(anonymous_8)
FN:94,(anonymous_9)
FN:105,(anonymous_10)
FN:116,(anonymous_11)
FN:127,(anonymous_12)
FN:138,(anonymous_13)
FN:155,(anonymous_14)
FN:156,(anonymous_15)
FN:159,(anonymous_16)
FN:159,(anonymous_17)
FN:183,(anonymous_18)
FN:196,(anonymous_19)
FN:204,(anonymous_20)
FN:208,(anonymous_21)
FN:212,(anonymous_22)
FN:242,(anonymous_23)
FN:251,(anonymous_24)
FN:252,(anonymous_25)
FN:266,(anonymous_26)
FN:275,(anonymous_27)
FN:276,(anonymous_28)
FN:304,(anonymous_29)
FN:323,(anonymous_30)
FN:328,(anonymous_31)
FN:340,(anonymous_32)
FN:342,(anonymous_33)
FN:371,(anonymous_34)
FN:380,(anonymous_35)
FN:437,(anonymous_36)
FN:448,(anonymous_37)
FN:450,(anonymous_38)
FN:454,(anonymous_39)
FN:480,(anonymous_40)
FN:481,(anonymous_41)
FN:482,(anonymous_42)
FNF:43
FNH:37
FNDA:34,(anonymous_0)
FNDA:11,(anonymous_1)
FNDA:0,(anonymous_2)
FNDA:13,(anonymous_3)
FNDA:13,(anonymous_4)
FNDA:65,(anonymous_5)
FNDA:36,(anonymous_6)
FNDA:18,(anonymous_7)
FNDA:18,(anonymous_8)
FNDA:12,(anonymous_9)
FNDA:12,(anonymous_10)
FNDA:12,(anonymous_11)
FNDA:12,(anonymous_12)
FNDA:12,(anonymous_13)
FNDA:18,(anonymous_14)
FNDA:22,(anonymous_15)
FNDA:2,(anonymous_16)
FNDA:1,(anonymous_17)
FNDA:21,(anonymous_18)
FNDA:20,(anonymous_19)
FNDA:6,(anonymous_20)
FNDA:4,(anonymous_21)
FNDA:10,(anonymous_22)
FNDA:10,(anonymous_23)
FNDA:0,(anonymous_24)
FNDA:0,(anonymous_25)
FNDA:6,(anonymous_26)
FNDA:6,(anonymous_27)
FNDA:14,(anonymous_28)
FNDA:0,(anonymous_29)
FNDA:7,(anonymous_30)
FNDA:3,(anonymous_31)
FNDA:6,(anonymous_32)
FNDA:6,(anonymous_33)
FNDA:4,(anonymous_34)
FNDA:11,(anonymous_35)
FNDA:3,(anonymous_36)
FNDA:8,(anonymous_37)
FNDA:5,(anonymous_38)
FNDA:0,(anonymous_39)
FNDA:4,(anonymous_40)
FNDA:0,(anonymous_41)
FNDA:4,(anonymous_42)
DA:1,2
DA:2,2
DA:3,2
DA:4,2
DA:5,2
DA:6,2
DA:7,2
DA:9,2
DA:11,2
DA:29,2
DA:30,2
DA:31,2
DA:35,34
DA:36,34
DA:37,34
DA:38,34
DA:39,34
DA:43,11
DA:44,1
DA:45,0
DA:46,0
DA:47,0
DA:48,0
DA:50,0
DA:54,13
DA:55,13
DA:56,65
DA:57,13
DA:61,36
DA:62,36
DA:64,36
DA:65,15
DA:66,15
DA:69,36
DA:73,18
DA:79,18
DA:82,18
DA:83,2
DA:86,16
DA:87,16
DA:95,12
DA:96,12
DA:105,12
DA:109,12
DA:110,1
DA:113,11
DA:117,12
DA:118,12
DA:127,12
DA:131,12
DA:132,1
DA:135,11
DA:139,12
DA:140,12
DA:141,12
DA:142,12
DA:143,1
DA:145,11
DA:156,18
DA:158,22
DA:159,2
DA:161,21
DA:163,22
DA:166,18
DA:168,17
DA:169,17
DA:171,17
DA:172,5
DA:173,5
DA:174,1
DA:176,4
DA:177,4
DA:180,17
DA:182,17
DA:184,21
DA:185,2
DA:187,19
DA:188,19
DA:190,0
DA:197,20
DA:198,20
DA:205,6
DA:209,4
DA:213,10
DA:214,10
DA:215,10
DA:217,10
DA:218,10
DA:219,10
DA:221,10
DA:222,10
DA:224,10
DA:242,10
DA:247,10
DA:248,10
DA:250,0
DA:251,0
DA:252,0
DA:253,0
DA:254,0
DA:256,0
DA:259,10
DA:260,4
DA:262,6
DA:267,6
DA:268,6
DA:269,6
DA:270,6
DA:271,6
DA:272,6
DA:273,6
DA:275,6
DA:276,6
DA:277,14
DA:279,14
DA:280,14
DA:281,14
DA:283,14
DA:284,2
DA:285,2
DA:286,2
DA:287,2
DA:288,2
DA:289,2
DA:291,2
DA:293,0
DA:296,12
DA:297,5
DA:300,12
DA:301,2
DA:302,2
DA:303,2
DA:304,0
DA:305,0
DA:306,0
DA:308,0
DA:311,10
DA:312,2
DA:315,12
DA:316,2
DA:317,2
DA:318,1
DA:320,1
DA:322,10
DA:323,7
DA:324,7
DA:325,4
DA:327,7
DA:328,3
DA:329,3
DA:330,0
DA:332,3
DA:340,6
DA:341,6
DA:342,6
DA:343,6
DA:344,2
DA:345,2
DA:347,4
DA:372,4
DA:373,4
DA:374,4
DA:375,4
DA:376,4
DA:377,4
DA:378,4
DA:380,4
DA:381,11
DA:383,11
DA:384,1
DA:385,1
DA:386,1
DA:387,1
DA:388,1
DA:395,1
DA:396,1
DA:399,0
DA:402,10
DA:403,0
DA:415,0
DA:416,0
DA:419,10
DA:421,10
DA:422,10
DA:424,10
DA:425,4
DA:428,10
DA:429,1
DA:430,9
DA:431,5
DA:432,4
DA:433,0
DA:436,10
DA:437,3
DA:438,3
DA:439,3
DA:444,10
DA:445,10
DA:446,0
DA:447,10
DA:448,8
DA:449,8
DA:450,5
DA:453,2
DA:454,0
DA:457,10
DA:459,5
DA:460,5
DA:461,3
DA:462,3
DA:465,5
DA:466,0
DA:468,5
DA:471,5
DA:480,4
DA:481,4
DA:482,4
DA:483,4
DA:484,3
DA:488,4
DA:492,2
LF:221
LH:195
BRDA:43,0,0,10
BRDA:43,0,1,1
BRDA:44,1,0,1
BRDA:44,1,1,0
BRDA:64,2,0,15
BRDA:64,2,1,21
BRDA:64,3,0,36
BRDA:64,3,1,21
BRDA:82,4,0,2
BRDA:82,4,1,16
BRDA:82,5,0,18
BRDA:82,5,1,17
BRDA:83,6,0,2
BRDA:83,6,1,1
BRDA:109,7,0,1
BRDA:109,7,1,11
BRDA:109,8,0,12
BRDA:109,8,1,12
BRDA:109,8,2,11
BRDA:131,9,0,1
BRDA:131,9,1,11
BRDA:131,10,0,12
BRDA:131,10,1,12
BRDA:131,10,2,11
BRDA:132,11,0,1
BRDA:132,11,1,0
BRDA:142,12,0,1
BRDA:142,12,1,11
BRDA:158,13,0,1
BRDA:158,13,1,21
BRDA:166,14,0,1
BRDA:166,14,1,17
BRDA:173,15,0,1
BRDA:173,15,1,4
BRDA:184,16,0,2
BRDA:184,16,1,19
BRDA:187,17,0,19
BRDA:187,17,1,0
BRDA:187,18,0,19
BRDA:187,18,1,1
BRDA:188,19,0,2
BRDA:188,19,1,17
BRDA:200,20,0,20
BRDA:200,20,1,16
BRDA:212,21,0,0
BRDA:215,22,0,10
BRDA:215,22,1,10
BRDA:217,23,0,10
BRDA:217,23,1,10
BRDA:219,24,0,0
BRDA:219,24,1,10
BRDA:247,25,0,10
BRDA:247,25,1,0
BRDA:248,26,0,0
BRDA:248,26,1,10
BRDA:259,27,0,4
BRDA:259,27,1,6
BRDA:277,28,0,0
BRDA:277,28,1,14
BRDA:277,29,0,14
BRDA:277,29,1,14
BRDA:281,30,0,0
BRDA:281,30,1,14
BRDA:281,31,0,14
BRDA:281,31,1,14
BRDA:283,32,0,2
BRDA:283,32,1,12
BRDA:284,33,0,2
BRDA:284,33,1,0
BRDA:285,34,0,2
BRDA:285,34,1,0
BRDA:286,35,0,2
BRDA:286,35,1,0
BRDA:287,36,0,2
BRDA:287,36,1,0
BRDA:296,37,0,5
BRDA:296,37,1,7
BRDA:296,38,0,12
BRDA:296,38,1,5
BRDA:300,39,0,2
BRDA:300,39,1,10
BRDA:300,40,0,12
BRDA:300,40,1,11
BRDA:302,41,0,1
BRDA:302,41,1,1
BRDA:303,42,0,0
BRDA:303,42,1,2
BRDA:303,43,0,2
BRDA:303,43,1,0
BRDA:304,44,0,0
BRDA:304,44,1,0
BRDA:305,45,0,0
BRDA:305,45,1,0
BRDA:311,46,0,2
BRDA:311,46,1,8
BRDA:311,47,0,10
BRDA:311,47,1,6
BRDA:315,48,0,2
BRDA:315,48,1,10
BRDA:317,49,0,1
BRDA:317,49,1,1
BRDA:322,50,0,7
BRDA:322,50,1,3
BRDA:324,51,0,4
BRDA:324,51,1,3
BRDA:324,52,0,7
BRDA:324,52,1,4
BRDA:327,53,0,3
BRDA:327,53,1,4
BRDA:328,54,0,3
BRDA:328,54,1,0
BRDA:329,55,0,0
BRDA:329,55,1,3
BRDA:343,56,0,2
BRDA:343,56,1,4
BRDA:356,57,0,4
BRDA:356,57,1,3
BRDA:381,58,0,0
BRDA:381,58,1,11
BRDA:383,59,0,1
BRDA:383,59,1,10
BRDA:386,60,0,1
BRDA:386,60,1,0
BRDA:387,61,0,1
BRDA:387,61,1,0
BRDA:392,62,0,1
BRDA:392,62,1,0
BRDA:402,63,0,0
BRDA:402,63,1,10
BRDA:402,64,0,10
BRDA:402,64,1,10
BRDA:419,65,0,0
BRDA:419,65,1,10
BRDA:422,66,0,0
BRDA:422,66,1,10
BRDA:422,67,0,10
BRDA:422,67,1,10
BRDA:424,68,0,4
BRDA:424,68,1,6
BRDA:424,69,0,10
BRDA:424,69,1,4
BRDA:428,70,0,1
BRDA:428,70,1,9
BRDA:428,71,0,10
BRDA:428,71,1,9
BRDA:429,72,0,1
BRDA:429,72,1,0
BRDA:430,73,0,5
BRDA:430,73,1,4
BRDA:430,74,0,9
BRDA:430,74,1,8
BRDA:432,75,0,0
BRDA:432,75,1,4
BRDA:432,76,0,4
BRDA:432,76,1,4
BRDA:436,77,0,3
BRDA:436,77,1,7
BRDA:436,78,0,10
BRDA:436,78,1,3
BRDA:438,79,0,3
BRDA:438,79,1,0
BRDA:438,80,0,3
BRDA:438,80,1,3
BRDA:445,81,0,0
BRDA:445,81,1,10
BRDA:447,82,0,8
BRDA:447,82,1,2
BRDA:449,83,0,5
BRDA:449,83,1,3
BRDA:450,84,0,5
BRDA:450,84,1,0
BRDA:453,85,0,0
BRDA:453,85,1,2
BRDA:453,86,0,2
BRDA:453,86,1,1
BRDA:453,86,2,1
BRDA:454,87,0,0
BRDA:454,87,1,0
BRDA:457,88,0,5
BRDA:457,88,1,5
BRDA:460,89,0,3
BRDA:460,89,1,2
BRDA:465,90,0,0
BRDA:465,90,1,5
BRDA:483,91,0,3
BRDA:483,91,1,1
BRF:186
BRH:149
end_of_record
TN:
SF:src\index.js
FN:17,(anonymous_0)
FN:41,(anonymous_1)
FN:46,(anonymous_2)
FN:61,(anonymous_3)
FN:89,(anonymous_4)
FN:93,(anonymous_5)
FN:98,(anonymous_6)
FN:124,(anonymous_7)
FNF:8
FNH:7
FNDA:3,(anonymous_0)
FNDA:1,(anonymous_1)
FNDA:3,(anonymous_2)
FNDA:7,(anonymous_3)
FNDA:2,(anonymous_4)
FNDA:1,(anonymous_5)
FNDA:0,(anonymous_6)
FNDA:1,(anonymous_7)
DA:1,1
DA:2,1
DA:3,1
DA:4,1
DA:5,1
DA:7,1
DA:9,1
DA:10,1
DA:11,1
DA:13,1
DA:14,1
DA:17,1
DA:18,3
DA:41,1
DA:42,1
DA:46,1
DA:47,3
DA:61,1
DA:62,7
DA:63,7
DA:64,7
DA:65,2
DA:68,5
DA:69,5
DA:71,5
DA:72,2
DA:75,3
DA:76,3
DA:77,3
DA:79,3
DA:81,3
DA:82,1
DA:83,1
DA:84,1
DA:85,1
DA:87,1
DA:89,1
DA:90,2
DA:93,1
DA:94,1
DA:95,1
DA:98,1
DA:99,0
DA:100,0
DA:101,0
DA:102,0
DA:103,0
DA:107,2
DA:108,1
DA:111,1
DA:112,1
DA:113,1
DA:124,1
DA:125,1
DA:126,1
DA:127,1
DA:128,1
DA:129,1
DA:132,1
LF:59
LH:54
BRDA:10,0,0,1
BRDA:10,0,1,0
BRDA:11,1,0,1
BRDA:11,1,1,0
BRDA:64,2,0,2
BRDA:64,2,1,5
BRDA:64,3,0,7
BRDA:64,3,1,6
BRDA:71,4,0,2
BRDA:71,4,1,3
BRDA:71,5,0,5
BRDA:71,5,1,4
BRDA:75,6,0,3
BRDA:75,6,1,3
BRDA:76,7,0,3
BRDA:76,7,1,2
BRDA:81,8,0,1
BRDA:81,8,1,2
BRDA:100,9,0,0
BRDA:100,9,1,0
BRDA:112,10,0,1
BRDA:112,10,1,0
BRDA:115,11,0,1
BRDA:115,11,1,0
BRF:24
BRH:18
end_of_record
TN:
SF:src\openai-adapter.js
FN:1,createCompletionResponse
FN:24,createCompletionStream
FNF:2
FNH:2
FNDA:5,createCompletionResponse
FNDA:1,createCompletionStream
DA:2,5
DA:25,1
DA:28,2
LF:3
LH:3
BRDA:3,0,0,5
BRDA:3,0,1,1
BRDA:4,1,0,5
BRDA:4,1,1,4
BRDA:6,2,0,5
BRDA:6,2,1,4
BRDA:10,3,0,4
BRDA:10,3,1,0
BRDA:11,4,0,1
BRDA:11,4,1,3
BRDA:15,5,0,5
BRDA:15,5,1,4
BRDA:20,6,0,5
BRDA:20,6,1,4
BRF:14
BRH:13
end_of_record
